#
# A fatal error has been detected by the Java Runtime Environment:
#
#  EXCEPTION_ACCESS_VIOLATION (0xc0000005) at pc=0x00007ff84086c4f6, pid=7796, tid=8796
#
# JRE version: OpenJDK Runtime Environment Temurin-21.0.6+7 (21.0.6+7) (build 21.0.6+7-LTS)
# Java VM: OpenJDK 64-Bit Server VM Temurin-21.0.6+7 (21.0.6+7-LTS, mixed mode, sharing, tiered, compressed oops, compressed class ptrs, g1 gc, windows-amd64)
# Problematic frame:
# V  [jvm.dll+0xc4f6]
#
# No core dump will be written. Minidumps are not enabled by default on client versions of Windows
#
# If you would like to submit a bug report, please visit:
#   https://github.com/adoptium/adoptium-support/issues
#

---------------  S U M M A R Y ------------

Command Line: -XX:+ShowCodeDetailsInExceptionMessages -agentlib:jdwp=transport=dt_socket,suspend=y,address=localhost:2291 -javaagent:C:\Users\Administrator\eclipse\java-2025-03\eclipse\configuration\org.eclipse.osgi\632\0\.cp\lib\javaagent-shaded.jar -Dfile.encoding=UTF-8 -Dstdout.encoding=UTF-8 -Dstderr.encoding=UTF-8 com.vue.example.erpsystem.ErpsystemApplication

Host: Intel(R) Xeon(R) CPU E5-2673 v3 @ 2.40GHz, 24 cores, 63G,  Windows 11 , 64 bit Build 22621 (10.0.22621.5124)
Time: Tue Apr 22 15:33:34 2025  Windows 11 , 64 bit Build 22621 (10.0.22621.5124) elapsed time: 7874.144589 seconds (0d 2h 11m 14s)

---------------  T H R E A D  ---------------

Current thread (0x0000016dfd9e6ad0):  WorkerThread "GC Thread#10"   [id=8796, stack(0x0000001118d00000,0x0000001118e00000) (1024K)]

Stack: [0x0000001118d00000,0x0000001118e00000],  sp=0x0000001118dfdc78,  free space=1015k
Native frames: (J=compiled Java code, j=interpreted, Vv=VM code, C=native code)
V  [jvm.dll+0xc4f6]

JavaThread 0x0000016dcb5977c0 (nid = 15220) was being processed
Java frames: (J=compiled Java code, j=interpreted, Vv=VM code)
j  java.lang.invoke.DirectMethodHandle$Holder.newInvokeSpecial(Ljava/lang/Object;)Ljava/lang/Object;+15 java.base@21.0.6
J 8921 c2 java.lang.reflect.Constructor.newInstanceWithCaller([Ljava/lang/Object;ZLjava/lang/Class;)Ljava/lang/Object; java.base@21.0.6 (51 bytes) @ 0x0000016ddd63564c [0x0000016ddd6354e0+0x000000000000016c]
J 8975 c2 java.lang.reflect.Constructor.newInstance([Ljava/lang/Object;)Ljava/lang/Object; java.base@21.0.6 (34 bytes) @ 0x0000016ddcec719c [0x0000016ddcec7120+0x000000000000007c]
j  org.hibernate.metamodel.internal.EntityInstantiatorPojoStandard.instantiate(Lorg/hibernate/engine/spi/SessionFactoryImplementor;)Ljava/lang/Object;+51
j  org.hibernate.persister.entity.AbstractEntityPersister.lambda$prepareMappingModel$14(Lorg/hibernate/metamodel/spi/EntityInstantiator;Lorg/hibernate/engine/spi/SessionFactoryImplementor;)Ljava/lang/Object;+2
j  org.hibernate.persister.entity.AbstractEntityPersister$$Lambda+0x0000016d817ce000.get()Ljava/lang/Object;+8
j  org.hibernate.internal.util.LazyValue.getValue()Ljava/lang/Object;+11
j  org.hibernate.persister.entity.AbstractEntityPersister$$Lambda+0x0000016d817ce218.get()Ljava/lang/Object;+4
j  org.hibernate.engine.internal.UnsavedValueFactory.getUnsavedIdentifierValue(Lorg/hibernate/mapping/KeyValue;Lorg/hibernate/type/descriptor/java/JavaType;Lorg/hibernate/property/access/spi/Getter;Ljava/util/function/Supplier;)Lorg/hibernate/engine/spi/IdentifierValue;+22
j  org.hibernate.metamodel.mapping.internal.BasicEntityIdentifierMappingImpl.<init>(Lorg/hibernate/persister/entity/EntityPersister;Ljava/util/function/Supplier;Ljava/lang/String;Ljava/lang/String;Ljava/lang/String;Ljava/lang/String;Ljava/lang/Long;Ljava/lang/Integer;Ljava/lang/Integer;ZZLorg/hibernate/type/BasicType;Lorg/hibernate/metamodel/mapping/internal/MappingModelCreationProcess;)V+178
j  org.hibernate.persister.entity.AbstractEntityPersister.generateIdentifierMapping(Ljava/util/function/Supplier;Lorg/hibernate/mapping/PersistentClass;Lorg/hibernate/metamodel/mapping/internal/MappingModelCreationProcess;)Lorg/hibernate/metamodel/mapping/EntityIdentifierMapping;+209
j  org.hibernate.persister.entity.AbstractEntityPersister.lambda$prepareMappingModel$15(Ljava/util/function/Supplier;Lorg/hibernate/mapping/PersistentClass;Ljava/lang/String;Lorg/hibernate/metamodel/mapping/internal/MappingModelCreationProcess;)Lorg/hibernate/metamodel/mapping/EntityIdentifierMapping;+5
j  org.hibernate.persister.entity.AbstractEntityPersister$$Lambda+0x0000016d817ce430.produceSubMapping(Ljava/lang/String;Lorg/hibernate/metamodel/mapping/internal/MappingModelCreationProcess;)Ljava/lang/Object;+14
j  org.hibernate.metamodel.mapping.internal.MappingModelCreationProcess.processSubPart(Ljava/lang/String;Lorg/hibernate/metamodel/mapping/internal/MappingModelCreationProcess$SubPartMappingProducer;)Lorg/hibernate/metamodel/mapping/ModelPart;+46
j  org.hibernate.persister.entity.AbstractEntityPersister.prepareMappingModel(Lorg/hibernate/metamodel/mapping/internal/MappingModelCreationProcess;Lorg/hibernate/mapping/PersistentClass;)V+72
j  org.hibernate.persister.entity.AbstractEntityPersister.prepareMappingModel(Lorg/hibernate/metamodel/mapping/internal/MappingModelCreationProcess;)V+149
j  org.hibernate.metamodel.mapping.internal.MappingModelCreationProcess.execute()V+96
j  org.hibernate.metamodel.mapping.internal.MappingModelCreationProcess.process(Lorg/hibernate/metamodel/model/domain/internal/EntityPersisterConcurrentMap;Lorg/hibernate/metamodel/spi/RuntimeModelCreationContext;)V+11
j  org.hibernate.metamodel.model.domain.internal.MappingMetamodelImpl.finishInitialization(Lorg/hibernate/metamodel/spi/RuntimeModelCreationContext;)V+112
j  org.hibernate.internal.SessionFactoryImpl.initializeMappingModel(Lorg/hibernate/metamodel/model/domain/internal/MappingMetamodelImpl;Lorg/hibernate/boot/spi/BootstrapContext;Lorg/hibernate/boot/spi/MetadataImplementor;Lorg/hibernate/boot/spi/SessionFactoryOptions;)V+18
j  org.hibernate.internal.SessionFactoryImpl.<init>(Lorg/hibernate/boot/spi/MetadataImplementor;Lorg/hibernate/boot/spi/SessionFactoryOptions;Lorg/hibernate/boot/spi/BootstrapContext;)V+599
j  org.hibernate.boot.internal.SessionFactoryBuilderImpl.build()Lorg/hibernate/SessionFactory;+16
j  org.hibernate.jpa.boot.internal.EntityManagerFactoryBuilderImpl.build()Ljakarta/persistence/EntityManagerFactory;+22
j  org.springframework.orm.jpa.vendor.SpringHibernateJpaPersistenceProvider.createContainerEntityManagerFactory(Ljakarta/persistence/spi/PersistenceUnitInfo;Ljava/util/Map;)Ljakarta/persistence/EntityManagerFactory;+59
j  org.springframework.orm.jpa.LocalContainerEntityManagerFactoryBean.createNativeEntityManagerFactory()Ljakarta/persistence/EntityManagerFactory;+111
j  org.springframework.orm.jpa.AbstractEntityManagerFactoryBean.buildNativeEntityManagerFactory()Ljakarta/persistence/EntityManagerFactory;+1
j  org.springframework.orm.jpa.AbstractEntityManagerFactoryBean.afterPropertiesSet()V+192
j  org.springframework.orm.jpa.LocalContainerEntityManagerFactoryBean.afterPropertiesSet()V+81
J 7158 c1 org.springframework.beans.factory.support.AbstractAutowireCapableBeanFactory.invokeInitMethods(Ljava/lang/String;Ljava/lang/Object;Lorg/springframework/beans/factory/support/RootBeanDefinition;)V (161 bytes) @ 0x0000016dd5b1606c [0x0000016dd5b15800+0x000000000000086c]
J 7156 c1 org.springframework.beans.factory.support.AbstractAutowireCapableBeanFactory.initializeBean(Ljava/lang/String;Ljava/lang/Object;Lorg/springframework/beans/factory/support/RootBeanDefinition;)Ljava/lang/Object; (93 bytes) @ 0x0000016dd5b1788c [0x0000016dd5b17560+0x000000000000032c]
J 7220 c1 org.springframework.beans.factory.support.AbstractAutowireCapableBeanFactory.doCreateBean(Ljava/lang/String;Lorg/springframework/beans/factory/support/RootBeanDefinition;[Ljava/lang/Object;)Ljava/lang/Object; (465 bytes) @ 0x0000016dd5e3e87c [0x0000016dd5e3d2a0+0x00000000000015dc]
J 8629 c1 org.springframework.beans.factory.support.AbstractAutowireCapableBeanFactory.createBean(Ljava/lang/String;Lorg/springframework/beans/factory/support/RootBeanDefinition;[Ljava/lang/Object;)Ljava/lang/Object; (214 bytes) @ 0x0000016dd61f4ad4 [0x0000016dd61f37a0+0x0000000000001334]
J 7237 c1 org.springframework.beans.factory.support.AbstractBeanFactory.lambda$doGetBean$0(Ljava/lang/String;Lorg/springframework/beans/factory/support/RootBeanDefinition;[Ljava/lang/Object;)Ljava/lang/Object; (18 bytes) @ 0x0000016dd5f5791c [0x0000016dd5f577e0+0x000000000000013c]
J 7236 c1 org.springframework.beans.factory.support.AbstractBeanFactory$$Lambda+0x0000016d811fd250.getObject()Ljava/lang/Object; (20 bytes) @ 0x0000016dd5e340ec [0x0000016dd5e34040+0x00000000000000ac]
J 7245 c1 org.springframework.beans.factory.support.DefaultSingletonBeanRegistry.getSingleton(Ljava/lang/String;Lorg/springframework/beans/factory/ObjectFactory;)Ljava/lang/Object; (1013 bytes) @ 0x0000016dd5f65de4 [0x0000016dd5f63000+0x0000000000002de4]
J 9287 c2 org.springframework.beans.factory.support.AbstractBeanFactory.doGetBean(Ljava/lang/String;Ljava/lang/Class;[Ljava/lang/Object;Z)Ljava/lang/Object; (787 bytes) @ 0x0000016ddd2f87e8 [0x0000016ddd2f7b20+0x0000000000000cc8]
J 9728 c2 org.springframework.beans.factory.support.AbstractBeanFactory.getBean(Ljava/lang/String;Ljava/lang/Class;)Ljava/lang/Object; (9 bytes) @ 0x0000016ddcf63e70 [0x0000016ddcf63e20+0x0000000000000050]
j  org.springframework.context.support.AbstractApplicationContext.finishBeanFactoryInitialization(Lorg/springframework/beans/factory/config/ConfigurableListableBeanFactory;)V+220
j  org.springframework.context.support.AbstractApplicationContext.refresh()V+94
j  org.springframework.boot.web.servlet.context.ServletWebServerApplicationContext.refresh()V+1
j  org.springframework.boot.SpringApplication.refresh(Lorg/springframework/context/ConfigurableApplicationContext;)V+1
j  org.springframework.boot.SpringApplication.refreshContext(Lorg/springframework/context/ConfigurableApplicationContext;)V+19
j  org.springframework.boot.SpringApplication.run([Ljava/lang/String;)Lorg/springframework/context/ConfigurableApplicationContext;+113
j  org.springframework.boot.SpringApplication.run([Ljava/lang/Class;[Ljava/lang/String;)Lorg/springframework/context/ConfigurableApplicationContext;+9
j  org.springframework.boot.SpringApplication.run(Ljava/lang/Class;[Ljava/lang/String;)Lorg/springframework/context/ConfigurableApplicationContext;+9
j  com.vue.example.erpsystem.ErpsystemApplication.main([Ljava/lang/String;)V+3
j  java.lang.invoke.LambdaForm$DMH+0x0000016d810a7400.invokeStatic(Ljava/lang/Object;Ljava/lang/Object;)V+10 java.base@21.0.6
j  java.lang.invoke.LambdaForm$MH+0x0000016d810a8c00.invoke(Ljava/lang/Object;Ljava/lang/Object;Ljava/lang/Object;)Ljava/lang/Object;+33 java.base@21.0.6
J 6429 c2 java.lang.reflect.Method.invoke(Ljava/lang/Object;[Ljava/lang/Object;)Ljava/lang/Object; java.base@21.0.6 (108 bytes) @ 0x0000016ddd41e3a8 [0x0000016ddd41d720+0x0000000000000c88]
j  org.springframework.boot.devtools.restart.RestartLauncher.run()V+47
v  ~StubRoutines::call_stub 0x0000016ddc75100d

siginfo: EXCEPTION_ACCESS_VIOLATION (0xc0000005), reading address 0x0000016e0072b56f


Registers:
RAX=0x0000000000000000, RBX=0x0000000000000000, RCX=0x00000011166fd7f0, RDX=0x00000011166fd7f0
RSP=0x0000001118dfdc78, RBP=0x0000001118dfde50, RSI=0x0000001118dfe020, RDI=0x00000011166fd7f0
R8 =0x0000016e0072b567, R9 =0x00000011166fd7f0, R10=0x0000016ddc750000, R11=0x0000001118dfdec8
R12=0x0000016d805427e8, R13=0x00000011166fd7f0, R14=0x0000016dccc772f0, R15=0x0000016e0072b567
RIP=0x00007ff84086c4f6, EFLAGS=0x0000000000010202

XMM[0]=0x3b3b3b3b3b3b3b3b 0x3b3b3b3b3b3b3b3b
XMM[1]=0x0000000000000000 0x00000000000000ff
XMM[2]=0x0000000000000000 0x0000000000000000
XMM[3]=0x0000000000000000 0x40bec22358cfa4ee
XMM[4]=0x0000000000000000 0x0000000000000000
XMM[5]=0x0000000080430135 0x0000000000000000
XMM[6]=0x0000000000000000 0x0000000000000000
XMM[7]=0x0000000000000000 0x0000000000000000
XMM[8]=0x0000000000000000 0x0000000000000000
XMM[9]=0x0000000000000000 0x0000000000000000
XMM[10]=0x0000000000000000 0x0000000000000000
XMM[11]=0x0000000000000000 0x0000000000000000
XMM[12]=0x0000000000000000 0x0000000000000000
XMM[13]=0x0000000000000000 0x0000000000000000
XMM[14]=0x0000000000000000 0x0000000000000000
XMM[15]=0x0000000000000000 0x0000000000000000
  MXCSR=0x00001fa0


Register to memory mapping:

RAX=0x0 is null
RBX=0x0 is null
RCX=0x00000011166fd7f0 is pointing into the stack for thread: 0x0000016dcb5977c0
RDX=0x00000011166fd7f0 is pointing into the stack for thread: 0x0000016dcb5977c0
RSP=0x0000001118dfdc78 points into unknown readable memory: 0x00007ff840bb7ddb | db 7d bb 40 f8 7f 00 00
RBP=0x0000001118dfde50 points into unknown readable memory: 0x0000001100000000 | 00 00 00 00 11 00 00 00
RSI=0x0000001118dfe020 points into unknown readable memory: 0x00000011166fd7e8 | e8 d7 6f 16 11 00 00 00
RDI=0x00000011166fd7f0 is pointing into the stack for thread: 0x0000016dcb5977c0
R8 =0x0000016e0072b567 is an unknown value
R9 =0x00000011166fd7f0 is pointing into the stack for thread: 0x0000016dcb5977c0
R10=0x0000016ddc750000 points into unknown readable memory: 0x0000000000000006 | 06 00 00 00 00 00 00 00
R11=0x0000001118dfdec8 points into unknown readable memory: 0x00007ff840b7466d | 6d 46 b7 40 f8 7f 00 00
R12=0x0000016d805427e8 is pointing into metadata
R13=0x00000011166fd7f0 is pointing into the stack for thread: 0x0000016dcb5977c0
R14=0x0000016dccc772f0 points into unknown readable memory: 0x00007ff84128bc18 | 18 bc 28 41 f8 7f 00 00
R15=0x0000016e0072b567 is an unknown value

Top of Stack: (sp=0x0000001118dfdc78)
0x0000001118dfdc78:   00007ff840bb7ddb 0000000000000000
0x0000001118dfdc88:   0000000000000004 0000016dfdbe83d0
0x0000001118dfdc98:   0000000000000002 0000001118dfddc0
0x0000001118dfdca8:   0000001118dfde40 0000016dfcf8e078
0x0000001118dfdcb8:   00007ff840ff7441 000000000000012f
0x0000001118dfdcc8:   00007ff840f1c1b2 0000016dc8908048
0x0000001118dfdcd8:   0000000000000000 0000016dfd9e94e0
0x0000001118dfdce8:   0000016dfcf8dc90 0000016d805427e8
0x0000001118dfdcf8:   00000011166fd7f0 0000001118dfe020
0x0000001118dfdd08:   0000001118dfde50 0000016dc85371e8
0x0000001118dfdd18:   00007ff840bc63a4 0000001118dfdde0
0x0000001118dfdd28:   0000001118dfe020 0000016d80480090
0x0000001118dfdd38:   0000000000000000 0000016dc85371e8
0x0000001118dfdd48:   00007ff840b74c1b 0000000000000001
0x0000001118dfdd58:   0000016d800b5bd0 0000016dc85371e8
0x0000001118dfdd68:   0000001118dfe020 0000000fd5fde701
0x0000001118dfdd78:   0000016d800b5bd0 0000016dfd9e6ad0
0x0000001118dfdd88:   0000016d00000003 00000000000003d8
0x0000001118dfdd98:   0000016dfcf8dca0 0000016dfcf8e078
0x0000001118dfdda8:   0000016d8072b567 0000016d000000b8
0x0000001118dfddb8:   0000016d800b5bd0 00007ff841283180
0x0000001118dfddc8:   0000001118dfe020 0000016dc8908048
0x0000001118dfddd8:   0000000400000003 0000016d805427e8
0x0000001118dfdde8:   0000001300000001 0000000000000032
0x0000001118dfddf8:   000000010000000c 0000016d80480090
0x0000001118dfde08:   0000000000000000 0000016dfef992b4
0x0000001118dfde18:   00009cd500000004 0000000400000002
0x0000001118dfde28:   0000ffff09c8de00 00007ff8410bb120
0x0000001118dfde38:   0000016dc8908048 0000016d80017358
0x0000001118dfde48:   00000006fcf80013 0000001100000000
0x0000001118dfde58:   0000000000000015 0000016dc8908048
0x0000001118dfde68:   00007ff840bc63fe 0000000000000000 

Instructions: (pc=0x00007ff84086c4f6)
0x00007ff84086c3f6:   48 8b 05 73 f6 cc 00 48 8b 48 60 48 8b 04 d1 48
0x00007ff84086c406:   85 c0 75 08 48 8b 05 67 f6 cc 00 c3 48 8b 05 57
0x00007ff84086c416:   f6 cc 00 c3 cc cc cc cc cc cc 8b 05 92 cb c1 00
0x00007ff84086c426:   c3 cc cc cc cc cc cc cc cc cc 0f b6 05 e3 e1 c1
0x00007ff84086c436:   00 48 8b d1 84 c0 74 16 44 8b 41 08 8b 0d 70 cb
0x00007ff84086c446:   c1 00 49 d3 e0 4c 03 05 5e cb c1 00 eb 04 4c 8b
0x00007ff84086c456:   41 08 45 8b 48 08 45 85 c9 7e 0e 41 f6 c1 01 75
0x00007ff84086c466:   53 41 c1 f9 03 49 63 c1 c3 79 49 84 c0 41 b8 0c
0x00007ff84086c476:   00 00 00 8b 05 a9 dc c1 00 b9 10 00 00 00 41 0f
0x00007ff84086c486:   45 c8 ff c8 4c 63 c0 41 8b c1 48 c1 f8 10 0f b6
0x00007ff84086c496:   c0 48 63 14 11 41 8b c9 83 e1 3f 48 d3 e2 49 8d
0x00007ff84086c4a6:   0c 10 49 f7 d0 48 03 c1 49 c1 e8 03 48 c1 e8 03
0x00007ff84086c4b6:   49 23 c0 c3 49 8b 00 49 8b c8 48 ff a0 00 01 00
0x00007ff84086c4c6:   00 cc cc cc cc cc cc cc cc cc 8b 44 24 30 45 03
0x00007ff84086c4d6:   c9 44 2b 4c 24 28 83 c0 0b 44 03 ca 45 03 c8 41
0x00007ff84086c4e6:   03 c1 c3 cc cc cc cc cc cc cc 4c 8b c2 48 8b d1
0x00007ff84086c4f6:   45 8b 48 08 45 85 c9 7e 0e 41 f6 c1 01 75 56 41
0x00007ff84086c506:   c1 f9 03 49 63 c1 c3 79 4c 80 3d 04 e1 c1 00 00
0x00007ff84086c516:   b8 0c 00 00 00 b9 10 00 00 00 0f 45 c8 8b 05 ff
0x00007ff84086c526:   db c1 00 ff c8 4c 63 c0 41 8b c1 48 c1 f8 10 48
0x00007ff84086c536:   63 14 11 41 8b c9 83 e1 3f 0f b6 c0 48 d3 e2 49
0x00007ff84086c546:   8d 0c 10 49 f7 d0 48 03 c1 49 c1 e8 03 48 c1 e8
0x00007ff84086c556:   03 49 23 c0 c3 49 8b 00 49 8b c8 48 ff a0 00 01
0x00007ff84086c566:   00 00 cc cc cc cc cc cc cc cc 48 8b 41 08 0f b7
0x00007ff84086c576:   48 2c 0f b7 40 2a 83 c0 48 03 c1 c3 cc cc cc cc
0x00007ff84086c586:   cc cc cc cc cc cc cc cc cc cc 48 89 5c 24 08 57
0x00007ff84086c596:   48 83 ec 20 0f b6 05 1f de cc 00 48 8b fa 48 8b
0x00007ff84086c5a6:   d9 84 c0 74 4f 48 85 15 b6 d5 cc 00 74 38 48 8b
0x00007ff84086c5b6:   ca e8 94 d4 8c 00 48 8b d0 48 85 db 74 25 48 85
0x00007ff84086c5c6:   c0 74 20 48 8b c7 f0 48 0f b1 13 74 16 48 85 05
0x00007ff84086c5d6:   8e d5 cc 00 74 0d 48 8b c8 f0 48 0f b1 13 48 3b
0x00007ff84086c5e6:   c1 75 ea 48 8b fa 48 8b c7 48 8b 5c 24 30 48 83 


Stack slot to memory mapping:

stack at sp + 0 slots: 0x00007ff840bb7ddb jvm.dll
stack at sp + 1 slots: 0x0 is null
stack at sp + 2 slots: 0x0000000000000004 is an unknown value
stack at sp + 3 slots: 0x0000016dfdbe83d0 points into unknown readable memory: 0x00007ff84128bc18 | 18 bc 28 41 f8 7f 00 00
stack at sp + 4 slots: 0x0000000000000002 is an unknown value
stack at sp + 5 slots: 0x0000001118dfddc0 points into unknown readable memory: 0x00007ff841283180 | 80 31 28 41 f8 7f 00 00
stack at sp + 6 slots: 0x0000001118dfde40 points into unknown readable memory: 0x0000016d80017358 | 58 73 01 80 6d 01 00 00
stack at sp + 7 slots: 0x0000016dfcf8e078 points into unknown readable memory: 0x800006004da7aae5 | e5 aa a7 4d 00 06 00 80


---------------  P R O C E S S  ---------------

Threads class SMR info:
_java_thread_list=0x0000016dc6710e10, length=24, elements={
0x0000016dfc755de0, 0x0000016dfc756cf0, 0x0000016dfc7591e0, 0x0000016dfc759e30,
0x0000016dfc75d8a0, 0x0000016dfc75e2f0, 0x0000016de52d22a0, 0x0000016de52d4d40,
0x0000016dfc82caa0, 0x0000016dfc9622b0, 0x0000016dfc937890, 0x0000016dfc9380b0,
0x0000016dfd1e1980, 0x0000016dfec1fca0, 0x0000016dcb59a5b0, 0x0000016e00cfb1d0,
0x0000016dcb598b70, 0x0000016dcb5977c0, 0x0000016dcb59b960, 0x0000016dcb597e50,
0x0000016dcb597130, 0x0000016dcb59bff0, 0x0000016dcb59c680, 0x0000016dcb595d80
}

Java Threads: ( => current thread )
  0x0000016dfc755de0 JavaThread "Reference Handler"          daemon [_thread_blocked, id=6784, stack(0x0000001117000000,0x0000001117100000) (1024K)]
  0x0000016dfc756cf0 JavaThread "Finalizer"                  daemon [_thread_blocked, id=420, stack(0x0000001117100000,0x0000001117200000) (1024K)]
  0x0000016dfc7591e0 JavaThread "Signal Dispatcher"          daemon [_thread_blocked, id=11552, stack(0x0000001117200000,0x0000001117300000) (1024K)]
  0x0000016dfc759e30 JavaThread "Attach Listener"            daemon [_thread_blocked, id=6804, stack(0x0000001117300000,0x0000001117400000) (1024K)]
  0x0000016dfc75d8a0 JavaThread "Service Thread"             daemon [_thread_blocked, id=8160, stack(0x0000001117400000,0x0000001117500000) (1024K)]
  0x0000016dfc75e2f0 JavaThread "Monitor Deflation Thread"   daemon [_thread_blocked, id=3952, stack(0x0000001117500000,0x0000001117600000) (1024K)]
  0x0000016de52d22a0 JavaThread "C2 CompilerThread0"         daemon [_thread_blocked, id=8892, stack(0x0000001117600000,0x0000001117700000) (1024K)]
  0x0000016de52d4d40 JavaThread "C1 CompilerThread0"         daemon [_thread_blocked, id=500, stack(0x0000001117700000,0x0000001117800000) (1024K)]
  0x0000016dfc82caa0 JavaThread "Common-Cleaner"             daemon [_thread_blocked, id=9176, stack(0x0000001117800000,0x0000001117900000) (1024K)]
  0x0000016dfc9622b0 JavaThread "JDWP Transport Listener: dt_socket" daemon [_thread_blocked, id=5860, stack(0x0000001117b00000,0x0000001117c00000) (1024K)]
  0x0000016dfc937890 JavaThread "JDWP Event Helper Thread"   daemon [_thread_blocked, id=11404, stack(0x0000001117c00000,0x0000001117d00000) (1024K)]
  0x0000016dfc9380b0 JavaThread "JDWP Command Reader"        daemon [_thread_blocked, id=7984, stack(0x0000001117d00000,0x0000001117e00000) (1024K)]
  0x0000016dfd1e1980 JavaThread "Notification Thread"        daemon [_thread_blocked, id=8788, stack(0x0000001117f00000,0x0000001118000000) (1024K)]
  0x0000016dfec1fca0 JavaThread "JNA Cleaner"                daemon [_thread_blocked, id=8300, stack(0x0000001119600000,0x0000001119700000) (1024K)]
  0x0000016dcb59a5b0 JavaThread "Live Reload Server"         daemon [_thread_in_native, id=12548, stack(0x000000111a700000,0x000000111a800000) (1024K)]
  0x0000016e00cfb1d0 JavaThread "DestroyJavaVM"                     [_thread_blocked, id=17032, stack(0x0000001116800000,0x0000001116900000) (1024K)]
  0x0000016dcb598b70 JavaThread "Thread-40"                         [_thread_blocked, id=17988, stack(0x0000001116500000,0x0000001116600000) (1024K)]
  0x0000016dcb5977c0 JavaThread "restartedMain"                     [_thread_blocked, id=15220, stack(0x0000001116600000,0x0000001116700000) (1024K)]
  0x0000016dcb59b960 JavaThread "Catalina-utility-1"                [_thread_blocked, id=17920, stack(0x0000001117e00000,0x0000001117f00000) (1024K)]
  0x0000016dcb597e50 JavaThread "Catalina-utility-2"                [_thread_blocked, id=8672, stack(0x0000001118000000,0x0000001118100000) (1024K)]
  0x0000016dcb597130 JavaThread "container-0"                       [_thread_blocked, id=17756, stack(0x0000001118100000,0x0000001118200000) (1024K)]
  0x0000016dcb59bff0 JavaThread "HikariPool-11 housekeeper"  daemon [_thread_blocked, id=18032, stack(0x0000001118200000,0x0000001118300000) (1024K)]
  0x0000016dcb59c680 JavaThread "HikariPool-11 connection closer" daemon [_thread_blocked, id=11476, stack(0x0000001116700000,0x0000001116800000) (1024K)]
  0x0000016dcb595d80 JavaThread "HikariPool-11 connection adder" daemon [_thread_blocked, id=3016, stack(0x0000001117900000,0x0000001117a00000) (1024K)]
Total: 24

Other Threads:
  0x0000016dcf5571b0 VMThread "VM Thread"                           [id=16724, stack(0x0000001116f00000,0x0000001117000000) (1024K)]
  0x0000016de529c1d0 WatcherThread "VM Periodic Task Thread"        [id=15060, stack(0x0000001116e00000,0x0000001116f00000) (1024K)]
  0x0000016dcf556330 WorkerThread "GC Thread#0"                     [id=16736, stack(0x0000001116900000,0x0000001116a00000) (1024K)]
  0x0000016dcf556a70 WorkerThread "GC Thread#1"                     [id=8476, stack(0x0000001118400000,0x0000001118500000) (1024K)]
  0x0000016dfd9e5510 WorkerThread "GC Thread#2"                     [id=2172, stack(0x0000001118500000,0x0000001118600000) (1024K)]
  0x0000016dfd9e58b0 WorkerThread "GC Thread#3"                     [id=4212, stack(0x0000001118600000,0x0000001118700000) (1024K)]
  0x0000016dfd9e5c50 WorkerThread "GC Thread#4"                     [id=1776, stack(0x0000001118700000,0x0000001118800000) (1024K)]
  0x0000016dfd9e6390 WorkerThread "GC Thread#5"                     [id=2652, stack(0x0000001118800000,0x0000001118900000) (1024K)]
  0x0000016dfd9e8430 WorkerThread "GC Thread#6"                     [id=8420, stack(0x0000001118900000,0x0000001118a00000) (1024K)]
  0x0000016dfd9e5ff0 WorkerThread "GC Thread#7"                     [id=11272, stack(0x0000001118a00000,0x0000001118b00000) (1024K)]
  0x0000016dfd9e6730 WorkerThread "GC Thread#8"                     [id=9440, stack(0x0000001118b00000,0x0000001118c00000) (1024K)]
  0x0000016dfd9e87d0 WorkerThread "GC Thread#9"                     [id=2244, stack(0x0000001118c00000,0x0000001118d00000) (1024K)]
=>0x0000016dfd9e6ad0 WorkerThread "GC Thread#10"                    [id=8796, stack(0x0000001118d00000,0x0000001118e00000) (1024K)]
  0x0000016dfd9e4dd0 WorkerThread "GC Thread#11"                    [id=3296, stack(0x0000001118e00000,0x0000001118f00000) (1024K)]
  0x0000016dfd9e6e70 WorkerThread "GC Thread#12"                    [id=10060, stack(0x0000001118f00000,0x0000001119000000) (1024K)]
  0x0000016dfd9e7210 WorkerThread "GC Thread#13"                    [id=13944, stack(0x0000001119000000,0x0000001119100000) (1024K)]
  0x0000016dfd9e7cf0 WorkerThread "GC Thread#14"                    [id=17312, stack(0x0000001119100000,0x0000001119200000) (1024K)]
  0x0000016dfd9e75b0 WorkerThread "GC Thread#15"                    [id=6260, stack(0x0000001119200000,0x0000001119300000) (1024K)]
  0x0000016dfd9e7950 WorkerThread "GC Thread#16"                    [id=6716, stack(0x0000001119300000,0x0000001119400000) (1024K)]
  0x0000016dfd9e8090 WorkerThread "GC Thread#17"                    [id=3980, stack(0x0000001119400000,0x0000001119500000) (1024K)]
  0x0000016dd19ffb90 ConcurrentGCThread "G1 Main Marker"            [id=11232, stack(0x0000001116a00000,0x0000001116b00000) (1024K)]
  0x0000016dcf5566d0 WorkerThread "G1 Conc#0"                       [id=2648, stack(0x0000001116b00000,0x0000001116c00000) (1024K)]
  0x0000016dfec411a0 WorkerThread "G1 Conc#1"                       [id=13200, stack(0x0000001119800000,0x0000001119900000) (1024K)]
  0x0000016dfec42020 WorkerThread "G1 Conc#2"                       [id=6832, stack(0x0000001119900000,0x0000001119a00000) (1024K)]
  0x0000016dfec42ea0 WorkerThread "G1 Conc#3"                       [id=15592, stack(0x0000001119a00000,0x0000001119b00000) (1024K)]
  0x0000016dfec43980 WorkerThread "G1 Conc#4"                       [id=5792, stack(0x0000001119b00000,0x0000001119c00000) (1024K)]
  0x0000016de52349b0 ConcurrentGCThread "G1 Refine#0"               [id=2904, stack(0x0000001116c00000,0x0000001116d00000) (1024K)]
  0x0000016de5235520 ConcurrentGCThread "G1 Service"                [id=6168, stack(0x0000001116d00000,0x0000001116e00000) (1024K)]
Total: 28

Threads with active compile tasks:
C1 CompilerThread0  7874184 13704       3       java.net.Socket::isOutputShutdown (14 bytes)
Total: 1

VM state: at safepoint (normal execution)

VM Mutex/Monitor currently owned by a thread:  ([mutex/lock_event])
[0x00007ff84150e380] Threads_lock - owner thread: 0x0000016dcf5571b0
[0x00007ff84150e480] Heap_lock - owner thread: 0x0000016dcb595d80

Heap address: 0x0000000402000000, size: 16352 MB, Compressed Oops mode: Zero based, Oop shift amount: 3

CDS archive(s) mapped at: [0x0000016d80000000-0x0000016d80c80000-0x0000016d80c80000), size 13107200, SharedBaseAddress: 0x0000016d80000000, ArchiveRelocationMode: 1.
Compressed class space mapped at: 0x0000016d81000000-0x0000016dc1000000, reserved size: 1073741824
Narrow klass base: 0x0000016d80000000, Narrow klass shift: 0, Narrow klass range: 0x100000000

GC Precious Log:
 CardTable entry size: 512
 Card Set container configuration: InlinePtr #cards 4 size 8 Array Of Cards #cards 64 size 144 Howl #buckets 8 coarsen threshold 14745 Howl Bitmap #cards 2048 size 272 coarsen threshold 1843 Card regions per heap region 1 cards per card region 16384
 CPUs: 24 total, 24 available
 Memory: 65388M
 Large Page Support: Disabled
 NUMA Support: Disabled
 Compressed Oops: Enabled (Zero based)
 Heap Region Size: 8M
 Heap Min Capacity: 8M
 Heap Initial Capacity: 1G
 Heap Max Capacity: 16352M
 Pre-touch: Disabled
 Parallel Workers: 18
 Concurrent Workers: 5
 Concurrent Refinement Workers: 18
 Periodic GC: Disabled

Heap:
 garbage-first heap   total 114688K, used 90780K [0x0000000402000000, 0x0000000800000000)
  region size 8192K, 8 young (65536K), 1 survivors (8192K)
 Metaspace       used 85393K, committed 86400K, reserved 1179648K
  class space    used 11109K, committed 11584K, reserved 1048576K

Heap Regions: E=young(eden), S=young(survivor), O=old, HS=humongous(starts), HC=humongous(continues), CS=collection set, F=free, TAMS=top-at-mark-start, PB=parsable bottom
|   0|0x0000000402000000, 0x0000000402800000, 0x0000000402800000|100%| O|  |TAMS 0x0000000402000000| PB 0x0000000402000000| Untracked 
|   1|0x0000000402800000, 0x0000000402fffff0, 0x0000000403000000| 99%| O|  |TAMS 0x0000000402800000| PB 0x0000000402800000| Untracked 
|   2|0x0000000403000000, 0x00000004037ffff8, 0x0000000403800000| 99%| O|  |TAMS 0x0000000403000000| PB 0x0000000403000000| Untracked 
|   3|0x0000000403800000, 0x0000000404000000, 0x0000000404000000|100%| O|  |TAMS 0x0000000403800000| PB 0x0000000403800000| Untracked 
|   4|0x0000000404000000, 0x00000004040a70d8, 0x0000000404800000|  8%| O|  |TAMS 0x0000000404000000| PB 0x0000000404000000| Untracked 
|   5|0x0000000404800000, 0x0000000404800000, 0x0000000405000000|  0%| F|  |TAMS 0x0000000404800000| PB 0x0000000404800000| Untracked 
|   6|0x0000000405000000, 0x000000040539dd70, 0x0000000405800000| 45%| S|  |TAMS 0x0000000405000000| PB 0x0000000405000000| Complete 
|   7|0x0000000405800000, 0x0000000406000000, 0x0000000406000000|100%| E|CS|TAMS 0x0000000405800000| PB 0x0000000405800000| Complete 
|   8|0x0000000406000000, 0x0000000406800000, 0x0000000406800000|100%| E|CS|TAMS 0x0000000406000000| PB 0x0000000406000000| Complete 
|   9|0x0000000406800000, 0x0000000407000000, 0x0000000407000000|100%| E|CS|TAMS 0x0000000406800000| PB 0x0000000406800000| Complete 
|  10|0x0000000407000000, 0x0000000407800000, 0x0000000407800000|100%| E|CS|TAMS 0x0000000407000000| PB 0x0000000407000000| Complete 
|  11|0x0000000407800000, 0x0000000408000000, 0x0000000408000000|100%| E|CS|TAMS 0x0000000407800000| PB 0x0000000407800000| Complete 
|  12|0x0000000408000000, 0x0000000408800000, 0x0000000408800000|100%| E|CS|TAMS 0x0000000408000000| PB 0x0000000408000000| Complete 
|  13|0x0000000408800000, 0x0000000409000000, 0x0000000409000000|100%| E|CS|TAMS 0x0000000408800000| PB 0x0000000408800000| Complete 

Card table byte_map: [0x0000016de72d0000,0x0000016de92c0000] _byte_map_base: 0x0000016de52c0000

Marking Bits: (CMBitMap*) 0x0000016dd19ee5c0
 Bits: [0x0000016de92c0000, 0x0000016df9240000)

Polling page: 0x0000016dcf930000

Metaspace:

Usage:
  Non-class:     72.54 MB used.
      Class:     10.85 MB used.
       Both:     83.39 MB used.

Virtual space:
  Non-class space:      128.00 MB reserved,      73.06 MB ( 57%) committed,  2 nodes.
      Class space:        1.00 GB reserved,      11.31 MB (  1%) committed,  1 nodes.
             Both:        1.12 GB reserved,      84.38 MB (  7%) committed. 

Chunk freelists:
   Non-Class:  6.56 MB
       Class:  4.72 MB
        Both:  11.28 MB

MaxMetaspaceSize: unlimited
CompressedClassSpaceSize: 1.00 GB
Initial GC threshold: 21.00 MB
Current GC threshold: 139.81 MB
CDS: on
 - commit_granule_bytes: 65536.
 - commit_granule_words: 8192.
 - virtual_space_node_default_size: 8388608.
 - enlarge_chunks_in_place: 1.
 - use_allocation_guard: 0.


Internal statistics:

num_allocs_failed_limit: 9.
num_arena_births: 1438.
num_arena_deaths: 18.
num_vsnodes_births: 3.
num_vsnodes_deaths: 0.
num_space_committed: 1349.
num_space_uncommitted: 0.
num_chunks_returned_to_freelist: 29.
num_chunks_taken_from_freelist: 4802.
num_chunk_merges: 9.
num_chunk_splits: 3333.
num_chunks_enlarged: 2451.
num_inconsistent_stats: 0.

CodeHeap 'non-profiled nmethods': size=119168Kb used=9502Kb max_used=9502Kb free=109666Kb
 bounds [0x0000016ddcea0000, 0x0000016ddd7f0000, 0x0000016de4300000]
CodeHeap 'profiled nmethods': size=119104Kb used=17284Kb max_used=17284Kb free=101819Kb
 bounds [0x0000016dd5300000, 0x0000016dd6410000, 0x0000016ddc750000]
CodeHeap 'non-nmethods': size=7488Kb used=1806Kb max_used=3596Kb free=5681Kb
 bounds [0x0000016ddc750000, 0x0000016ddcae0000, 0x0000016ddcea0000]
 total_blobs=9097 nmethods=8340 adapters=660
 compilation: enabled
              stopped_count=0, restarted_count=0
 full_count=0

Compilation events (20 events):
Event: 6560.437 Thread 0x0000016de52d22a0 nmethod 13694 0x0000016ddd7e7490 code [0x0000016ddd7e7620, 0x0000016ddd7e7718]
Event: 6580.445 Thread 0x0000016de52d4d40 13695       3       java.util.concurrent.locks.AbstractQueuedSynchronizer$Node::getAndUnsetStatus (14 bytes)
Event: 6580.446 Thread 0x0000016de52d4d40 nmethod 13695 0x0000016dd5cdb690 code [0x0000016dd5cdb860, 0x0000016dd5cdbb08]
Event: 6580.802 Thread 0x0000016de52d4d40 13696       3       jdk.internal.misc.Unsafe::getAndBitwiseAndInt (27 bytes)
Event: 6580.802 Thread 0x0000016de52d4d40 nmethod 13696 0x0000016dd5e75710 code [0x0000016dd5e758c0, 0x0000016dd5e75af0]
Event: 6590.701 Thread 0x0000016de52d4d40 13697       3       ch.qos.logback.classic.Logger::filterAndLog_1 (68 bytes)
Event: 6590.702 Thread 0x0000016de52d4d40 nmethod 13697 0x0000016dd59f6690 code [0x0000016dd59f6880, 0x0000016dd59f6df0]
Event: 6590.702 Thread 0x0000016de52d4d40 13698       3       ch.qos.logback.classic.LoggerContext::getTurboFilterChainDecision_1 (38 bytes)
Event: 6590.702 Thread 0x0000016de52d4d40 nmethod 13698 0x0000016dd5a5fe10 code [0x0000016dd5a5ffe0, 0x0000016dd5a60520]
Event: 6890.761 Thread 0x0000016de52d4d40 13699       3       com.zaxxer.hikari.pool.HikariPool::getIdleConnections (9 bytes)
Event: 6890.761 Thread 0x0000016de52d4d40 nmethod 13699 0x0000016dd5c3ae10 code [0x0000016dd5c3afc0, 0x0000016dd5c3b120]
Event: 6920.765 Thread 0x0000016de52d4d40 13700  s    3       com.zaxxer.hikari.pool.HikariPool::fillPool (113 bytes)
Event: 6920.766 Thread 0x0000016de52d4d40 nmethod 13700 0x0000016dd63ff410 code [0x0000016dd63ff640, 0x0000016dd6400060]
Event: 7520.875 Thread 0x0000016de52d4d40 13701   !   3       com.zaxxer.hikari.pool.HikariPool$HouseKeeper::run (477 bytes)
Event: 7520.878 Thread 0x0000016de52d4d40 nmethod 13701 0x0000016dd6400490 code [0x0000016dd64009a0, 0x0000016dd6403410]
Event: 7866.690 Thread 0x0000016de52d4d40 13702       3       java.util.ArrayList::subList (20 bytes)
Event: 7866.690 Thread 0x0000016de52d4d40 nmethod 13702 0x0000016dd5fdfb10 code [0x0000016dd5fdfce0, 0x0000016dd5fe00a8]
Event: 7874.135 Thread 0x0000016de52d4d40 13703       3       java.lang.Thread::checkName (17 bytes)
Event: 7874.135 Thread 0x0000016de52d4d40 nmethod 13703 0x0000016dd577de90 code [0x0000016dd577e040, 0x0000016dd577e240]
Event: 7874.138 Thread 0x0000016de52d4d40 13704       3       java.net.Socket::isOutputShutdown (14 bytes)

GC Heap History (20 events):
Event: 1847.232 GC heap after
{Heap after GC invocations=40 (full 7):
 garbage-first heap   total 114688K, used 37246K [0x0000000402000000, 0x0000000800000000)
  region size 8192K, 1 young (8192K), 1 survivors (8192K)
 Metaspace       used 83592K, committed 84480K, reserved 1179648K
  class space    used 10982K, committed 11392K, reserved 1048576K
}
Event: 1880.494 GC heap before
{Heap before GC invocations=40 (full 7):
 garbage-first heap   total 114688K, used 53630K [0x0000000402000000, 0x0000000800000000)
  region size 8192K, 4 young (32768K), 1 survivors (8192K)
 Metaspace       used 83797K, committed 84736K, reserved 1179648K
  class space    used 10993K, committed 11392K, reserved 1048576K
}
Event: 1880.635 GC heap after
{Heap after GC invocations=41 (full 8):
 garbage-first heap   total 114688K, used 32937K [0x0000000402000000, 0x0000000800000000)
  region size 8192K, 0 young (0K), 0 survivors (0K)
 Metaspace       used 83794K, committed 84736K, reserved 1179648K
  class space    used 10993K, committed 11392K, reserved 1048576K
}
Event: 1881.097 GC heap before
{Heap before GC invocations=41 (full 8):
 garbage-first heap   total 114688K, used 82089K [0x0000000402000000, 0x0000000800000000)
  region size 8192K, 6 young (49152K), 0 survivors (0K)
 Metaspace       used 83972K, committed 84864K, reserved 1179648K
  class space    used 11002K, committed 11392K, reserved 1048576K
}
Event: 1881.099 GC heap after
{Heap after GC invocations=42 (full 8):
 garbage-first heap   total 114688K, used 37224K [0x0000000402000000, 0x0000000800000000)
  region size 8192K, 1 young (8192K), 1 survivors (8192K)
 Metaspace       used 83972K, committed 84864K, reserved 1179648K
  class space    used 11002K, committed 11392K, reserved 1048576K
}
Event: 2423.573 GC heap before
{Heap before GC invocations=42 (full 8):
 garbage-first heap   total 114688K, used 86376K [0x0000000402000000, 0x0000000800000000)
  region size 8192K, 7 young (57344K), 1 survivors (8192K)
 Metaspace       used 84313K, committed 85248K, reserved 1179648K
  class space    used 11022K, committed 11456K, reserved 1048576K
}
Event: 2423.576 GC heap after
{Heap after GC invocations=43 (full 8):
 garbage-first heap   total 114688K, used 37617K [0x0000000402000000, 0x0000000800000000)
  region size 8192K, 1 young (8192K), 1 survivors (8192K)
 Metaspace       used 84313K, committed 85248K, reserved 1179648K
  class space    used 11022K, committed 11456K, reserved 1048576K
}
Event: 3664.868 GC heap before
{Heap before GC invocations=43 (full 8):
 garbage-first heap   total 114688K, used 86769K [0x0000000402000000, 0x0000000800000000)
  region size 8192K, 7 young (57344K), 1 survivors (8192K)
 Metaspace       used 84337K, committed 85248K, reserved 1179648K
  class space    used 11022K, committed 11456K, reserved 1048576K
}
Event: 3664.870 GC heap after
{Heap after GC invocations=44 (full 8):
 garbage-first heap   total 114688K, used 37914K [0x0000000402000000, 0x0000000800000000)
  region size 8192K, 1 young (8192K), 1 survivors (8192K)
 Metaspace       used 84337K, committed 85248K, reserved 1179648K
  class space    used 11022K, committed 11456K, reserved 1048576K
}
Event: 4732.226 GC heap before
{Heap before GC invocations=44 (full 8):
 garbage-first heap   total 114688K, used 78874K [0x0000000402000000, 0x0000000800000000)
  region size 8192K, 6 young (49152K), 1 survivors (8192K)
 Metaspace       used 84343K, committed 85248K, reserved 1179648K
  class space    used 11022K, committed 11456K, reserved 1048576K
}
Event: 4732.228 GC heap after
{Heap after GC invocations=45 (full 8):
 garbage-first heap   total 114688K, used 37771K [0x0000000402000000, 0x0000000800000000)
  region size 8192K, 1 young (8192K), 1 survivors (8192K)
 Metaspace       used 84343K, committed 85248K, reserved 1179648K
  class space    used 11022K, committed 11456K, reserved 1048576K
}
Event: 5749.001 GC heap before
{Heap before GC invocations=45 (full 8):
 garbage-first heap   total 114688K, used 78731K [0x0000000402000000, 0x0000000800000000)
  region size 8192K, 6 young (49152K), 1 survivors (8192K)
 Metaspace       used 84358K, committed 85248K, reserved 1179648K
  class space    used 11022K, committed 11456K, reserved 1048576K
}
Event: 5749.003 GC heap after
{Heap after GC invocations=46 (full 8):
 garbage-first heap   total 114688K, used 37714K [0x0000000402000000, 0x0000000800000000)
  region size 8192K, 1 young (8192K), 1 survivors (8192K)
 Metaspace       used 84358K, committed 85248K, reserved 1179648K
  class space    used 11022K, committed 11456K, reserved 1048576K
}
Event: 6026.909 GC heap before
{Heap before GC invocations=46 (full 8):
 garbage-first heap   total 114688K, used 45906K [0x0000000402000000, 0x0000000800000000)
  region size 8192K, 3 young (24576K), 1 survivors (8192K)
 Metaspace       used 84369K, committed 85312K, reserved 1179648K
  class space    used 11023K, committed 11456K, reserved 1048576K
}
Event: 6027.046 GC heap after
{Heap after GC invocations=47 (full 9):
 garbage-first heap   total 114688K, used 33159K [0x0000000402000000, 0x0000000800000000)
  region size 8192K, 0 young (0K), 0 survivors (0K)
 Metaspace       used 84366K, committed 85312K, reserved 1179648K
  class space    used 11022K, committed 11456K, reserved 1048576K
}
Event: 6027.579 GC heap before
{Heap before GC invocations=47 (full 9):
 garbage-first heap   total 114688K, used 90503K [0x0000000402000000, 0x0000000800000000)
  region size 8192K, 7 young (57344K), 0 survivors (0K)
 Metaspace       used 84765K, committed 85696K, reserved 1179648K
  class space    used 11047K, committed 11456K, reserved 1048576K
}
Event: 6027.581 GC heap after
{Heap after GC invocations=48 (full 9):
 garbage-first heap   total 114688K, used 37629K [0x0000000402000000, 0x0000000800000000)
  region size 8192K, 1 young (8192K), 1 survivors (8192K)
 Metaspace       used 84765K, committed 85696K, reserved 1179648K
  class space    used 11047K, committed 11456K, reserved 1048576K
}
Event: 6109.912 GC heap before
{Heap before GC invocations=48 (full 9):
 garbage-first heap   total 114688K, used 54013K [0x0000000402000000, 0x0000000800000000)
  region size 8192K, 4 young (32768K), 1 survivors (8192K)
 Metaspace       used 84949K, committed 85888K, reserved 1179648K
  class space    used 11055K, committed 11456K, reserved 1048576K
}
Event: 6110.051 GC heap after
{Heap after GC invocations=49 (full 10):
 garbage-first heap   total 114688K, used 33436K [0x0000000402000000, 0x0000000800000000)
  region size 8192K, 0 young (0K), 0 survivors (0K)
 Metaspace       used 84946K, committed 85888K, reserved 1179648K
  class space    used 11055K, committed 11456K, reserved 1048576K
}
Event: 7874.138 GC heap before
{Heap before GC invocations=49 (full 10):
 garbage-first heap   total 114688K, used 90780K [0x0000000402000000, 0x0000000800000000)
  region size 8192K, 7 young (57344K), 0 survivors (0K)
 Metaspace       used 85393K, committed 86400K, reserved 1179648K
  class space    used 11109K, committed 11584K, reserved 1048576K
}

Dll operation events (13 events):
Event: 0.008 Loaded shared library C:\Users\Administrator\.p2\pool\plugins\org.eclipse.justj.openjdk.hotspot.jre.full.win32.x86_64_21.0.6.v20250130-0529\jre\bin\java.dll
Event: 0.035 Loaded shared library C:\Users\Administrator\.p2\pool\plugins\org.eclipse.justj.openjdk.hotspot.jre.full.win32.x86_64_21.0.6.v20250130-0529\jre\bin\zip.dll
Event: 0.272 Loaded shared library C:\Users\Administrator\.p2\pool\plugins\org.eclipse.justj.openjdk.hotspot.jre.full.win32.x86_64_21.0.6.v20250130-0529\jre\bin\instrument.dll
Event: 0.278 Loaded shared library C:\Users\Administrator\.p2\pool\plugins\org.eclipse.justj.openjdk.hotspot.jre.full.win32.x86_64_21.0.6.v20250130-0529\jre\bin\net.dll
Event: 0.279 Loaded shared library C:\Users\Administrator\.p2\pool\plugins\org.eclipse.justj.openjdk.hotspot.jre.full.win32.x86_64_21.0.6.v20250130-0529\jre\bin\nio.dll
Event: 0.282 Loaded shared library C:\Users\Administrator\.p2\pool\plugins\org.eclipse.justj.openjdk.hotspot.jre.full.win32.x86_64_21.0.6.v20250130-0529\jre\bin\zip.dll
Event: 0.454 Loaded shared library C:\Users\Administrator\.p2\pool\plugins\org.eclipse.justj.openjdk.hotspot.jre.full.win32.x86_64_21.0.6.v20250130-0529\jre\bin\jimage.dll
Event: 0.512 Loaded shared library C:\Users\Administrator\.p2\pool\plugins\org.eclipse.justj.openjdk.hotspot.jre.full.win32.x86_64_21.0.6.v20250130-0529\jre\bin\verify.dll
Event: 0.855 Loaded shared library C:\Users\Administrator\.p2\pool\plugins\org.eclipse.justj.openjdk.hotspot.jre.full.win32.x86_64_21.0.6.v20250130-0529\jre\bin\management.dll
Event: 0.858 Loaded shared library C:\Users\Administrator\.p2\pool\plugins\org.eclipse.justj.openjdk.hotspot.jre.full.win32.x86_64_21.0.6.v20250130-0529\jre\bin\management_ext.dll
Event: 2.071 Loaded shared library C:\Users\Administrator\.p2\pool\plugins\org.eclipse.justj.openjdk.hotspot.jre.full.win32.x86_64_21.0.6.v20250130-0529\jre\bin\sunmscapi.dll
Event: 4.728 Loaded shared library C:\Users\Administrator\.p2\pool\plugins\org.eclipse.justj.openjdk.hotspot.jre.full.win32.x86_64_21.0.6.v20250130-0529\jre\bin\extnet.dll
Event: 4.844 Loaded shared library C:\Users\Administrator\AppData\Local\Temp\jna-146731693\jna17180885958396235515.dll

Deoptimization events (20 events):
Event: 6110.501 Thread 0x0000016dcb5977c0 DEOPT PACKING pc=0x0000016ddd5e2fb4 sp=0x00000011166fd320
Event: 6110.501 Thread 0x0000016dcb5977c0 DEOPT UNPACKING pc=0x0000016ddc7a46a2 sp=0x00000011166fd320 mode 2
Event: 6110.507 Thread 0x0000016dcb5977c0 Uncommon trap: trap_request=0xfffffff4 fr.pc=0x0000016ddd7d15b0 relative=0x00000000000006f0
Event: 6110.507 Thread 0x0000016dcb5977c0 Uncommon trap: reason=null_check action=make_not_entrant pc=0x0000016ddd7d15b0 method=net.bytebuddy.description.annotation.AnnotationDescription$ForLoadedAnnotation.asValue(Ljava/lang/Object;Ljava/lang/Class;)Lnet/bytebuddy/description/annotation/Annotati
Event: 6110.507 Thread 0x0000016dcb5977c0 DEOPT PACKING pc=0x0000016ddd7d15b0 sp=0x00000011166fc670
Event: 6110.507 Thread 0x0000016dcb5977c0 DEOPT UNPACKING pc=0x0000016ddc7a46a2 sp=0x00000011166fc620 mode 2
Event: 6110.510 Thread 0x0000016dcb5977c0 Uncommon trap: trap_request=0xffffff97 fr.pc=0x0000016ddd3d5e14 relative=0x0000000000002834
Event: 6110.510 Thread 0x0000016dcb5977c0 Uncommon trap: reason=unhandled action=none pc=0x0000016ddd3d5e14 method=java.net.URLClassLoader.findClass(Ljava/lang/String;)Ljava/lang/Class; @ 44 c2
Event: 6110.510 Thread 0x0000016dcb5977c0 DEOPT PACKING pc=0x0000016ddd3d5e14 sp=0x00000011166fb500
Event: 6110.510 Thread 0x0000016dcb5977c0 DEOPT UNPACKING pc=0x0000016ddc7a46a2 sp=0x00000011166fb430 mode 2
Event: 6110.510 Thread 0x0000016dcb5977c0 Uncommon trap: trap_request=0xffffff97 fr.pc=0x0000016ddd3d5e14 relative=0x0000000000002834
Event: 6110.510 Thread 0x0000016dcb5977c0 Uncommon trap: reason=unhandled action=none pc=0x0000016ddd3d5e14 method=java.net.URLClassLoader.findClass(Ljava/lang/String;)Ljava/lang/Class; @ 44 c2
Event: 6110.510 Thread 0x0000016dcb5977c0 DEOPT PACKING pc=0x0000016ddd3d5e14 sp=0x00000011166fb500
Event: 6110.510 Thread 0x0000016dcb5977c0 DEOPT UNPACKING pc=0x0000016ddc7a46a2 sp=0x00000011166fb430 mode 2
Event: 6110.511 Thread 0x0000016dcb5977c0 Uncommon trap: trap_request=0xffffff97 fr.pc=0x0000016ddd3d5e14 relative=0x0000000000002834
Event: 6110.511 Thread 0x0000016dcb5977c0 Uncommon trap: reason=unhandled action=none pc=0x0000016ddd3d5e14 method=java.net.URLClassLoader.findClass(Ljava/lang/String;)Ljava/lang/Class; @ 44 c2
Event: 6110.511 Thread 0x0000016dcb5977c0 DEOPT PACKING pc=0x0000016ddd3d5e14 sp=0x00000011166fb9c0
Event: 6110.511 Thread 0x0000016dcb5977c0 DEOPT UNPACKING pc=0x0000016ddc7a46a2 sp=0x00000011166fb8f0 mode 2
Event: 6480.296 Thread 0x0000016dcb5977c0 DEOPT PACKING pc=0x0000016ddd476ffc sp=0x00000011166fd820
Event: 6480.296 Thread 0x0000016dcb5977c0 DEOPT UNPACKING pc=0x0000016ddc7a4e42 sp=0x00000011166fcca8 mode 0

Classes loaded (20 events):
Event: 339.280 Loading class java/lang/foreign/MemorySegment
Event: 339.281 Loading class java/lang/foreign/MemorySegment done
Event: 339.294 Loading class java/time/format/DateTimeFormatterBuilder$ZoneTextPrinterParser
Event: 339.294 Loading class java/time/format/DateTimeFormatterBuilder$ZoneTextPrinterParser done
Event: 339.294 Loading class java/time/format/DateTimeFormatterBuilder$ReducedPrinterParser
Event: 339.295 Loading class java/time/format/DateTimeFormatterBuilder$ReducedPrinterParser done
Event: 339.322 Loading class java/util/stream/LongStream
Event: 339.322 Loading class java/util/stream/LongStream done
Event: 339.322 Loading class java/util/stream/DoubleStream
Event: 339.322 Loading class java/util/stream/DoubleStream done
Event: 487.695 Loading class java/util/concurrent/locks/AbstractQueuedSynchronizer$SharedNode
Event: 487.695 Loading class java/util/concurrent/locks/AbstractQueuedSynchronizer$SharedNode done
Event: 487.760 Loading class java/lang/ref/Finalizer$2
Event: 487.760 Loading class java/lang/ref/Finalizer$2 done
Event: 487.760 Loading class java/lang/ref/Finalizer$1
Event: 487.760 Loading class java/lang/ref/Finalizer$1 done
Event: 488.569 Loading class java/lang/invoke/MethodHandleImpl$CountingWrapper$1
Event: 488.569 Loading class java/lang/invoke/MethodHandleImpl$CountingWrapper$1 done
Event: 1847.297 Loading class java/util/EnumMap$EntryIterator$Entry
Event: 1847.297 Loading class java/util/EnumMap$EntryIterator$Entry done

Classes unloaded (9 events):
Event: 1188.320 Thread 0x0000016dcf5571b0 Unloading class 0x0000016d81ac8000 'org/apache/catalina/loader/JdbcLeakPrevention'
Event: 1329.562 Thread 0x0000016dcf5571b0 Unloading class 0x0000016d81ad4c00 'org/apache/catalina/loader/JdbcLeakPrevention'
Event: 1389.170 Thread 0x0000016dcf5571b0 Unloading class 0x0000016d81adb000 'org/apache/catalina/loader/JdbcLeakPrevention'
Event: 1618.737 Thread 0x0000016dcf5571b0 Unloading class 0x0000016d81ae8000 'org/apache/catalina/loader/JdbcLeakPrevention'
Event: 1817.824 Thread 0x0000016dcf5571b0 Unloading class 0x0000016d81af3000 'org/apache/catalina/loader/JdbcLeakPrevention'
Event: 1846.607 Thread 0x0000016dcf5571b0 Unloading class 0x0000016d81afb400 'org/apache/catalina/loader/JdbcLeakPrevention'
Event: 1880.550 Thread 0x0000016dcf5571b0 Unloading class 0x0000016d81b12800 'org/apache/catalina/loader/JdbcLeakPrevention'
Event: 6026.965 Thread 0x0000016dcf5571b0 Unloading class 0x0000016d81b1a800 'org/apache/catalina/loader/JdbcLeakPrevention'
Event: 6109.970 Thread 0x0000016dcf5571b0 Unloading class 0x0000016d81b24800 'org/apache/catalina/loader/JdbcLeakPrevention'

Classes redefined (20 events):
Event: 7390.785 Thread 0x0000016dcf5571b0 redefined class name=com.vue.example.erpsystem.mapper.ProductMapper, count=3
Event: 7390.785 Thread 0x0000016dcf5571b0 redefined class name=com.vue.example.erpsystem.mapper.ProductMapper, count=3
Event: 7390.785 Thread 0x0000016dcf5571b0 redefined class name=com.vue.example.erpsystem.mapper.ProductMapper, count=2
Event: 7390.785 Thread 0x0000016dcf5571b0 redefined class name=com.vue.example.erpsystem.mapper.ProductMapper, count=2
Event: 7390.785 Thread 0x0000016dcf5571b0 redefined class name=com.vue.example.erpsystem.mapper.ProductMapper, count=2
Event: 7390.785 Thread 0x0000016dcf5571b0 redefined class name=com.vue.example.erpsystem.mapper.ProductMapper, count=2
Event: 7390.785 Thread 0x0000016dcf5571b0 redefined class name=com.vue.example.erpsystem.mapper.ProductMapper, count=2
Event: 7390.785 Thread 0x0000016dcf5571b0 redefined class name=com.vue.example.erpsystem.mapper.ProductMapper, count=2
Event: 7390.785 Thread 0x0000016dcf5571b0 redefined class name=com.vue.example.erpsystem.mapper.ProductMapper, count=2
Event: 7390.785 Thread 0x0000016dcf5571b0 redefined class name=com.vue.example.erpsystem.mapper.ProductMapper, count=2
Event: 7859.121 Thread 0x0000016dcf5571b0 redefined class name=com.vue.example.erpsystem.mapper.ProductMapper, count=4
Event: 7859.121 Thread 0x0000016dcf5571b0 redefined class name=com.vue.example.erpsystem.mapper.ProductMapper, count=4
Event: 7859.121 Thread 0x0000016dcf5571b0 redefined class name=com.vue.example.erpsystem.mapper.ProductMapper, count=3
Event: 7859.121 Thread 0x0000016dcf5571b0 redefined class name=com.vue.example.erpsystem.mapper.ProductMapper, count=3
Event: 7859.121 Thread 0x0000016dcf5571b0 redefined class name=com.vue.example.erpsystem.mapper.ProductMapper, count=3
Event: 7859.121 Thread 0x0000016dcf5571b0 redefined class name=com.vue.example.erpsystem.mapper.ProductMapper, count=3
Event: 7859.121 Thread 0x0000016dcf5571b0 redefined class name=com.vue.example.erpsystem.mapper.ProductMapper, count=3
Event: 7859.121 Thread 0x0000016dcf5571b0 redefined class name=com.vue.example.erpsystem.mapper.ProductMapper, count=3
Event: 7859.121 Thread 0x0000016dcf5571b0 redefined class name=com.vue.example.erpsystem.mapper.ProductMapper, count=3
Event: 7859.121 Thread 0x0000016dcf5571b0 redefined class name=com.vue.example.erpsystem.mapper.ProductMapper, count=3

Internal exceptions (20 events):
Event: 6027.344 Thread 0x0000016dfec1e8f0 Exception <a 'java/lang/NoClassDefFoundError'{0x0000000407435700}: org/quartz/Scheduler> (0x0000000407435700) 
thrown [s\src\hotspot\share\oops\constantPool.cpp, line 873]
Event: 6027.344 Thread 0x0000016dfec1e8f0 Exception <a 'java/lang/NoClassDefFoundError'{0x0000000407435d80}: org/springframework/session/jdbc/JdbcIndexedSessionRepository> (0x0000000407435d80) 
thrown [s\src\hotspot\share\oops\constantPool.cpp, line 873]
Event: 6027.388 Thread 0x0000016dfec1e8f0 Exception <a 'java/io/FileNotFoundException'{0x0000000406b2d200}> (0x0000000406b2d200) 
thrown [s\src\hotspot\share\prims\jni.cpp, line 520]
Event: 6027.389 Thread 0x0000016dfec1e8f0 Exception <a 'java/io/FileNotFoundException'{0x0000000406b2e5d8}> (0x0000000406b2e5d8) 
thrown [s\src\hotspot\share\prims\jni.cpp, line 520]
Event: 6027.419 Thread 0x0000016dfec1e8f0 Exception <a 'java/io/FileNotFoundException'{0x0000000406d65588}> (0x0000000406d65588) 
thrown [s\src\hotspot\share\prims\jni.cpp, line 520]
Event: 6027.494 Thread 0x0000016dfec1e8f0 Implicit null exception at 0x0000016ddd76a36a to 0x0000016ddd76a97c
Event: 6109.912 Thread 0x0000016dfec1c820 Exception <a 'java/lang/InterruptedException'{0x0000000407faf3d8}: sleep interrupted> (0x0000000407faf3d8) 
thrown [s\src\hotspot\share\prims\jvm.cpp, line 3074]
Event: 6110.061 Thread 0x0000016dcb5977c0 Exception <a 'sun/nio/fs/WindowsException'{0x00000004088ab348}> (0x00000004088ab348) 
thrown [s\src\hotspot\share\prims\jni.cpp, line 520]
Event: 6110.347 Thread 0x0000016dcb5977c0 Exception <a 'java/lang/NoClassDefFoundError'{0x00000004073feec0}: org/flywaydb/core/Flyway> (0x00000004073feec0) 
thrown [s\src\hotspot\share\oops\constantPool.cpp, line 873]
Event: 6110.347 Thread 0x0000016dcb5977c0 Exception <a 'java/lang/NoClassDefFoundError'{0x00000004073ff520}: liquibase/integration/spring/SpringLiquibase> (0x00000004073ff520) 
thrown [s\src\hotspot\share\oops\constantPool.cpp, line 873]
Event: 6110.350 Thread 0x0000016dcb5977c0 Exception <a 'java/lang/NoClassDefFoundError'{0x000000040741e750}: org/jooq/DSLContext> (0x000000040741e750) 
thrown [s\src\hotspot\share\oops\constantPool.cpp, line 873]
Event: 6110.352 Thread 0x0000016dcb5977c0 Exception <a 'java/lang/NoClassDefFoundError'{0x0000000407459940}: org/springframework/batch/core/repository/JobRepository> (0x0000000407459940) 
thrown [s\src\hotspot\share\oops\constantPool.cpp, line 873]
Event: 6110.353 Thread 0x0000016dcb5977c0 Exception <a 'java/lang/NoClassDefFoundError'{0x0000000407459f98}: org/quartz/Scheduler> (0x0000000407459f98) 
thrown [s\src\hotspot\share\oops\constantPool.cpp, line 873]
Event: 6110.353 Thread 0x0000016dcb5977c0 Exception <a 'java/lang/NoClassDefFoundError'{0x000000040745a618}: org/springframework/session/jdbc/JdbcIndexedSessionRepository> (0x000000040745a618) 
thrown [s\src\hotspot\share\oops\constantPool.cpp, line 873]
Event: 6110.399 Thread 0x0000016dcb5977c0 Exception <a 'java/io/FileNotFoundException'{0x0000000406b4f5e0}> (0x0000000406b4f5e0) 
thrown [s\src\hotspot\share\prims\jni.cpp, line 520]
Event: 6110.399 Thread 0x0000016dcb5977c0 Exception <a 'java/io/FileNotFoundException'{0x0000000406b509b8}> (0x0000000406b509b8) 
thrown [s\src\hotspot\share\prims\jni.cpp, line 520]
Event: 6110.430 Thread 0x0000016dcb5977c0 Exception <a 'java/io/FileNotFoundException'{0x0000000406d86f58}> (0x0000000406d86f58) 
thrown [s\src\hotspot\share\prims\jni.cpp, line 520]
Event: 6110.457 Thread 0x0000016dcb5977c0 Implicit null exception at 0x0000016ddd76fd73 to 0x0000016ddd770420
Event: 6110.486 Thread 0x0000016dcb5977c0 Implicit null exception at 0x0000016ddd722c73 to 0x0000016ddd723320
Event: 6110.507 Thread 0x0000016dcb5977c0 Implicit null exception at 0x0000016ddd7d0ef3 to 0x0000016ddd7d15a0

ZGC Phase Switch (0 events):
No events

VM Operations (20 events):
Event: 7504.526 Executing VM operation: get/set locals done
Event: 7504.527 Executing VM operation: get/set locals
Event: 7504.527 Executing VM operation: get/set locals done
Event: 7504.527 Executing VM operation: get/set locals
Event: 7504.527 Executing VM operation: get/set locals done
Event: 7504.528 Executing VM operation: get/set locals
Event: 7504.528 Executing VM operation: get/set locals done
Event: 7504.528 Executing VM operation: get/set locals
Event: 7504.528 Executing VM operation: get/set locals done
Event: 7504.529 Executing VM operation: get/set locals
Event: 7504.529 Executing VM operation: get/set locals done
Event: 7504.529 Executing VM operation: get/set locals
Event: 7504.530 Executing VM operation: get/set locals done
Event: 7504.530 Executing VM operation: get/set locals
Event: 7504.530 Executing VM operation: get/set locals done
Event: 7859.103 Executing VM operation: RedefineClasses
Event: 7859.149 Executing VM operation: RedefineClasses done
Event: 7866.194 Executing VM operation: Cleanup
Event: 7866.194 Executing VM operation: Cleanup done
Event: 7874.138 Executing VM operation: G1CollectForAllocation (G1 Evacuation Pause)

Memory protections (0 events):
No events

Nmethod flushes (20 events):
Event: 6110.000 Thread 0x0000016dcf5571b0 flushing  nmethod 0x0000016dd5fd5790
Event: 6110.000 Thread 0x0000016dcf5571b0 flushing  nmethod 0x0000016dd5fd9090
Event: 6110.000 Thread 0x0000016dcf5571b0 flushing  nmethod 0x0000016dd5fdfb10
Event: 6110.000 Thread 0x0000016dcf5571b0 flushing  nmethod 0x0000016dd5fe1c10
Event: 6110.000 Thread 0x0000016dcf5571b0 flushing  nmethod 0x0000016dd5fe6090
Event: 6110.000 Thread 0x0000016dcf5571b0 flushing  nmethod 0x0000016dd5fe7710
Event: 6110.000 Thread 0x0000016dcf5571b0 flushing  nmethod 0x0000016dd5feba10
Event: 6110.000 Thread 0x0000016dcf5571b0 flushing  nmethod 0x0000016dd5ff0490
Event: 6110.000 Thread 0x0000016dcf5571b0 flushing  nmethod 0x0000016dd5ff0c90
Event: 6110.000 Thread 0x0000016dcf5571b0 flushing  nmethod 0x0000016dd5ff1510
Event: 6110.000 Thread 0x0000016dcf5571b0 flushing  nmethod 0x0000016dd6001310
Event: 6110.000 Thread 0x0000016dcf5571b0 flushing  nmethod 0x0000016dd6003390
Event: 6110.000 Thread 0x0000016dcf5571b0 flushing  nmethod 0x0000016dd6051910
Event: 6110.000 Thread 0x0000016dcf5571b0 flushing  nmethod 0x0000016dd60db210
Event: 6110.000 Thread 0x0000016dcf5571b0 flushing  nmethod 0x0000016dd60e2410
Event: 6110.000 Thread 0x0000016dcf5571b0 flushing  nmethod 0x0000016dd613af10
Event: 6110.000 Thread 0x0000016dcf5571b0 flushing  nmethod 0x0000016dd61a0910
Event: 6110.000 Thread 0x0000016dcf5571b0 flushing  nmethod 0x0000016dd621bb10
Event: 6110.000 Thread 0x0000016dcf5571b0 flushing  nmethod 0x0000016dd6237210
Event: 6110.000 Thread 0x0000016dcf5571b0 flushing  nmethod 0x0000016dd6355610

Events (20 events):
Event: 6110.153 Thread 0x0000016dcb597130 Thread exited: 0x0000016dcb597130
Event: 6110.212 Thread 0x0000016de52d22a0 Thread added: 0x0000016dfdf81030
Event: 6110.430 Thread 0x0000016dcb5977c0 Thread added: 0x0000016dcb59b960
Event: 6110.430 Thread 0x0000016dcb5977c0 Thread added: 0x0000016dcb597e50
Event: 6110.431 Thread 0x0000016dcb5977c0 Thread added: 0x0000016dcb597130
Event: 6110.467 Thread 0x0000016dcb5977c0 Thread added: 0x0000016dcb59bff0
Event: 6110.477 Thread 0x0000016dfdf7f4f0 Thread added: 0x0000016dfdf81dd0
Event: 6110.577 Thread 0x0000016dcb59bff0 Thread added: 0x0000016dcb59c680
Event: 6110.811 Thread 0x0000016dfdf81030 Thread exited: 0x0000016dfdf81030
Event: 6110.872 Thread 0x0000016dfdf7f4f0 Thread added: 0x0000016dcac20480
Event: 6115.955 Thread 0x0000016dcac20480 Thread exited: 0x0000016dcac20480
Event: 6116.001 Thread 0x0000016dcb59c680 Thread exited: 0x0000016dcb59c680
Event: 6120.968 Thread 0x0000016dfdf81dd0 Thread exited: 0x0000016dfdf81dd0
Event: 6125.980 Thread 0x0000016dfdf7f4f0 Thread exited: 0x0000016dfdf7f4f0
Event: 7865.960 Thread 0x0000016dcb59bff0 Thread added: 0x0000016dcb59c680
Event: 7865.961 Thread 0x0000016dcb59c680 Thread added: 0x0000016dcb595d80
Event: 7871.702 Thread 0x0000016dcb59c680 Thread exited: 0x0000016dcb59c680
Event: 7871.748 Thread 0x0000016dcb595d80 Thread exited: 0x0000016dcb595d80
Event: 7874.135 Thread 0x0000016dcb59bff0 Thread added: 0x0000016dcb59c680
Event: 7874.136 Thread 0x0000016dcb59c680 Thread added: 0x0000016dcb595d80


Dynamic libraries:
0x00007ff7c64d0000 - 0x00007ff7c64de000 	C:\Users\Administrator\.p2\pool\plugins\org.eclipse.justj.openjdk.hotspot.jre.full.win32.x86_64_21.0.6.v20250130-0529\jre\bin\javaw.exe
0x00007ff8f5730000 - 0x00007ff8f5947000 	C:\Windows\SYSTEM32\ntdll.dll
0x00007ff8f4890000 - 0x00007ff8f4954000 	C:\Windows\System32\KERNEL32.DLL
0x00007ff8f28e0000 - 0x00007ff8f2cb3000 	C:\Windows\System32\KERNELBASE.dll
0x00007ff8f3020000 - 0x00007ff8f3131000 	C:\Windows\System32\ucrtbase.dll
0x00007ff8e4e30000 - 0x00007ff8e4e48000 	C:\Users\Administrator\.p2\pool\plugins\org.eclipse.justj.openjdk.hotspot.jre.full.win32.x86_64_21.0.6.v20250130-0529\jre\bin\jli.dll
0x00007ff8e51c0000 - 0x00007ff8e51de000 	C:\Users\Administrator\.p2\pool\plugins\org.eclipse.justj.openjdk.hotspot.jre.full.win32.x86_64_21.0.6.v20250130-0529\jre\bin\VCRUNTIME140.dll
0x00007ff8f4170000 - 0x00007ff8f4321000 	C:\Windows\System32\USER32.dll
0x00007ff8f2ff0000 - 0x00007ff8f3016000 	C:\Windows\System32\win32u.dll
0x00007ff8e4a70000 - 0x00007ff8e4d08000 	C:\Windows\WinSxS\amd64_microsoft.windows.common-controls_6595b64144ccf1df_6.0.22621.5124_none_270e8f4f7386d69d\COMCTL32.dll
0x00007ff8f54f0000 - 0x00007ff8f5519000 	C:\Windows\System32\GDI32.dll
0x00007ff8f5640000 - 0x00007ff8f56e7000 	C:\Windows\System32\msvcrt.dll
0x00007ff8f3280000 - 0x00007ff8f339b000 	C:\Windows\System32\gdi32full.dll
0x00007ff8f2840000 - 0x00007ff8f28da000 	C:\Windows\System32\msvcp_win.dll
0x00007ff8f4050000 - 0x00007ff8f4081000 	C:\Windows\System32\IMM32.DLL
0x00007ff8e5360000 - 0x00007ff8e536c000 	C:\Users\Administrator\.p2\pool\plugins\org.eclipse.justj.openjdk.hotspot.jre.full.win32.x86_64_21.0.6.v20250130-0529\jre\bin\vcruntime140_1.dll
0x00007ff8ca070000 - 0x00007ff8ca0fd000 	C:\Users\Administrator\.p2\pool\plugins\org.eclipse.justj.openjdk.hotspot.jre.full.win32.x86_64_21.0.6.v20250130-0529\jre\bin\msvcp140.dll
0x00007ff840860000 - 0x00007ff8415f0000 	C:\Users\Administrator\.p2\pool\plugins\org.eclipse.justj.openjdk.hotspot.jre.full.win32.x86_64_21.0.6.v20250130-0529\jre\bin\server\jvm.dll
0x00007ff8f3520000 - 0x00007ff8f35d1000 	C:\Windows\System32\ADVAPI32.dll
0x00007ff8f3910000 - 0x00007ff8f39b8000 	C:\Windows\System32\sechost.dll
0x00007ff8f33a0000 - 0x00007ff8f33c8000 	C:\Windows\System32\bcrypt.dll
0x00007ff8f3ad0000 - 0x00007ff8f3be4000 	C:\Windows\System32\RPCRT4.dll
0x00007ff8f55c0000 - 0x00007ff8f5631000 	C:\Windows\System32\WS2_32.dll
0x00007ff8f2660000 - 0x00007ff8f26ad000 	C:\Windows\SYSTEM32\POWRPROF.dll
0x00007ff8ea800000 - 0x00007ff8ea834000 	C:\Windows\SYSTEM32\WINMM.dll
0x00007ff8ea840000 - 0x00007ff8ea84a000 	C:\Windows\SYSTEM32\VERSION.dll
0x00007ff8f2540000 - 0x00007ff8f2553000 	C:\Windows\SYSTEM32\UMPDC.dll
0x00007ff8f1870000 - 0x00007ff8f1888000 	C:\Windows\SYSTEM32\kernel.appcore.dll
0x00007ff8e50d0000 - 0x00007ff8e50da000 	C:\Users\Administrator\.p2\pool\plugins\org.eclipse.justj.openjdk.hotspot.jre.full.win32.x86_64_21.0.6.v20250130-0529\jre\bin\jimage.dll
0x00007ff8ee730000 - 0x00007ff8ee962000 	C:\Windows\SYSTEM32\DBGHELP.DLL
0x00007ff8f3ca0000 - 0x00007ff8f4032000 	C:\Windows\System32\combase.dll
0x00007ff8f4090000 - 0x00007ff8f4167000 	C:\Windows\System32\OLEAUT32.dll
0x00007ff8dfce0000 - 0x00007ff8dfd12000 	C:\Windows\SYSTEM32\dbgcore.DLL
0x00007ff8f2cc0000 - 0x00007ff8f2d3b000 	C:\Windows\System32\bcryptPrimitives.dll
0x00007ff8d8af0000 - 0x00007ff8d8b2c000 	C:\Users\Administrator\.p2\pool\plugins\org.eclipse.justj.openjdk.hotspot.jre.full.win32.x86_64_21.0.6.v20250130-0529\jre\bin\jdwp.dll
0x00007ff8e4e50000 - 0x00007ff8e4e5f000 	C:\Users\Administrator\.p2\pool\plugins\org.eclipse.justj.openjdk.hotspot.jre.full.win32.x86_64_21.0.6.v20250130-0529\jre\bin\instrument.dll
0x00007ff8e4d20000 - 0x00007ff8e4d3f000 	C:\Users\Administrator\.p2\pool\plugins\org.eclipse.justj.openjdk.hotspot.jre.full.win32.x86_64_21.0.6.v20250130-0529\jre\bin\java.dll
0x00007ff8f4c50000 - 0x00007ff8f54e6000 	C:\Windows\System32\SHELL32.dll
0x00007ff8f2d40000 - 0x00007ff8f2e7f000 	C:\Windows\System32\wintypes.dll
0x00007ff8f0760000 - 0x00007ff8f107a000 	C:\Windows\SYSTEM32\windows.storage.dll
0x00007ff8f39c0000 - 0x00007ff8f3aca000 	C:\Windows\System32\SHCORE.dll
0x00007ff8f3460000 - 0x00007ff8f34c3000 	C:\Windows\System32\shlwapi.dll
0x00007ff8f2770000 - 0x00007ff8f279b000 	C:\Windows\SYSTEM32\profapi.dll
0x00007ff8e2be0000 - 0x00007ff8e2bf8000 	C:\Users\Administrator\.p2\pool\plugins\org.eclipse.justj.openjdk.hotspot.jre.full.win32.x86_64_21.0.6.v20250130-0529\jre\bin\zip.dll
0x00007ff8e5330000 - 0x00007ff8e533b000 	C:\Users\Administrator\.p2\pool\plugins\org.eclipse.justj.openjdk.hotspot.jre.full.win32.x86_64_21.0.6.v20250130-0529\jre\bin\dt_socket.dll
0x00007ff8f12e0000 - 0x00007ff8f130d000 	C:\Windows\SYSTEM32\IPHLPAPI.DLL
0x00007ff8f1cf0000 - 0x00007ff8f1d5a000 	C:\Windows\system32\mswsock.dll
0x00007ff8f1350000 - 0x00007ff8f1452000 	C:\Windows\SYSTEM32\DNSAPI.dll
0x00007ff8f4040000 - 0x00007ff8f4049000 	C:\Windows\System32\NSI.dll
0x00007ff8ebe80000 - 0x00007ff8ebe8a000 	C:\Windows\System32\rasadhlp.dll
0x00007ff8ec9e0000 - 0x00007ff8eca63000 	C:\Windows\System32\fwpuclnt.dll
0x00007ff8e4e20000 - 0x00007ff8e4e30000 	C:\Users\Administrator\.p2\pool\plugins\org.eclipse.justj.openjdk.hotspot.jre.full.win32.x86_64_21.0.6.v20250130-0529\jre\bin\net.dll
0x00007ff8ef5b0000 - 0x00007ff8ef6dc000 	C:\Windows\SYSTEM32\WINHTTP.dll
0x00007ff8e2bc0000 - 0x00007ff8e2bd6000 	C:\Users\Administrator\.p2\pool\plugins\org.eclipse.justj.openjdk.hotspot.jre.full.win32.x86_64_21.0.6.v20250130-0529\jre\bin\nio.dll
0x00007ff8e4d10000 - 0x00007ff8e4d20000 	C:\Users\Administrator\.p2\pool\plugins\org.eclipse.justj.openjdk.hotspot.jre.full.win32.x86_64_21.0.6.v20250130-0529\jre\bin\verify.dll
0x00007ff8e2af0000 - 0x00007ff8e2afa000 	C:\Users\Administrator\.p2\pool\plugins\org.eclipse.justj.openjdk.hotspot.jre.full.win32.x86_64_21.0.6.v20250130-0529\jre\bin\management.dll
0x00007ff8e2ae0000 - 0x00007ff8e2aeb000 	C:\Users\Administrator\.p2\pool\plugins\org.eclipse.justj.openjdk.hotspot.jre.full.win32.x86_64_21.0.6.v20250130-0529\jre\bin\management_ext.dll
0x00007ff8f5540000 - 0x00007ff8f5548000 	C:\Windows\System32\PSAPI.DLL
0x00007ff8e2f10000 - 0x00007ff8e2f1e000 	C:\Users\Administrator\.p2\pool\plugins\org.eclipse.justj.openjdk.hotspot.jre.full.win32.x86_64_21.0.6.v20250130-0529\jre\bin\sunmscapi.dll
0x00007ff8f2e80000 - 0x00007ff8f2fe7000 	C:\Windows\System32\CRYPT32.dll
0x00007ff8f2100000 - 0x00007ff8f212d000 	C:\Windows\SYSTEM32\ncrypt.dll
0x00007ff8f20c0000 - 0x00007ff8f20f7000 	C:\Windows\SYSTEM32\NTASN1.dll
0x00007ff8f1f40000 - 0x00007ff8f1f5b000 	C:\Windows\SYSTEM32\CRYPTSP.dll
0x00007ff8f17d0000 - 0x00007ff8f1807000 	C:\Windows\system32\rsaenh.dll
0x00007ff8f1de0000 - 0x00007ff8f1e08000 	C:\Windows\SYSTEM32\USERENV.dll
0x00007ff8f1f60000 - 0x00007ff8f1f6c000 	C:\Windows\SYSTEM32\CRYPTBASE.dll
0x00007ff8e2ad0000 - 0x00007ff8e2ad9000 	C:\Users\Administrator\.p2\pool\plugins\org.eclipse.justj.openjdk.hotspot.jre.full.win32.x86_64_21.0.6.v20250130-0529\jre\bin\extnet.dll
0x00007ff8d5790000 - 0x00007ff8d57d5000 	C:\Users\Administrator\AppData\Local\Temp\jna-146731693\jna17180885958396235515.dll
0x00007ff8f1650000 - 0x00007ff8f165c000 	C:\Windows\SYSTEM32\Secur32.dll
0x00007ff8f1ad0000 - 0x00007ff8f1b13000 	C:\Windows\SYSTEM32\SSPICLI.DLL
0x00007ff8f1c50000 - 0x00007ff8f1cec000 	C:\Windows\system32\msv1_0.DLL
0x00007ff8f1c40000 - 0x00007ff8f1c4e000 	C:\Windows\SYSTEM32\NtlmShared.dll
0x00007ff8606b0000 - 0x00007ff8606b8000 	C:\Windows\system32\wshunix.dll

dbghelp: loaded successfully - version: 4.0.5 - missing functions: none
symbol engine: initialized successfully - sym options: 0x614 - pdb path: .;C:\Users\Administrator\.p2\pool\plugins\org.eclipse.justj.openjdk.hotspot.jre.full.win32.x86_64_21.0.6.v20250130-0529\jre\bin;C:\Windows\SYSTEM32;C:\Windows\WinSxS\amd64_microsoft.windows.common-controls_6595b64144ccf1df_6.0.22621.5124_none_270e8f4f7386d69d;C:\Users\Administrator\.p2\pool\plugins\org.eclipse.justj.openjdk.hotspot.jre.full.win32.x86_64_21.0.6.v20250130-0529\jre\bin\server;C:\Users\Administrator\AppData\Local\Temp\jna-146731693

VM Arguments:
jvm_args: -XX:+ShowCodeDetailsInExceptionMessages -agentlib:jdwp=transport=dt_socket,suspend=y,address=localhost:2291 -javaagent:C:\Users\Administrator\eclipse\java-2025-03\eclipse\configuration\org.eclipse.osgi\632\0\.cp\lib\javaagent-shaded.jar -Dfile.encoding=UTF-8 -Dstdout.encoding=UTF-8 -Dstderr.encoding=UTF-8 
java_command: com.vue.example.erpsystem.ErpsystemApplication
java_class_path (initial): D:\JAVA\workspace\com.vue.sample\backend\target\test-classes;D:\JAVA\workspace\com.vue.sample\backend\target\classes;C:\Users\Administrator\.m2\repository\io\github\cdimascio\dotenv-java\3.0.0\dotenv-java-3.0.0.jar;C:\Users\Administrator\.m2\repository\jakarta\validation\jakarta.validation-api\3.0.2\jakarta.validation-api-3.0.2.jar;C:\Users\Administrator\.m2\repository\org\hibernate\validator\hibernate-validator\8.0.2.Final\hibernate-validator-8.0.2.Final.jar;C:\Users\Administrator\.m2\repository\org\jboss\logging\jboss-logging\3.6.1.Final\jboss-logging-3.6.1.Final.jar;C:\Users\Administrator\.m2\repository\com\fasterxml\classmate\1.7.0\classmate-1.7.0.jar;C:\Users\Administrator\.m2\repository\org\mariadb\jdbc\mariadb-java-client\3.4.1\mariadb-java-client-3.4.1.jar;C:\Users\Administrator\.m2\repository\com\github\waffle\waffle-jna\3.3.0\waffle-jna-3.3.0.jar;C:\Users\Administrator\.m2\repository\net\java\dev\jna\jna\5.13.0\jna-5.13.0.jar;C:\Users\Administrator\.m2\repository\net\java\dev\jna\jna-platform\5.13.0\jna-platform-5.13.0.jar;C:\Users\Administrator\.m2\repository\org\slf4j\jcl-over-slf4j\2.0.17\jcl-over-slf4j-2.0.17.jar;C:\Users\Administrator\.m2\repository\org\slf4j\slf4j-api\2.0.17\slf4j-api-2.0.17.jar;C:\Users\Administrator\.m2\repository\com\github\ben-manes\caffeine\caffeine\3.1.8\caffeine-3.1.8.jar;C:\Users\Administrator\.m2\repository\com\google\errorprone\error_prone_annotations\2.21.1\error_prone_annotations-2.21.1.jar;C:\Users\Administrator\.m2\repository\org\checkerframework\checker-qual\3.32.0\checker-qual-3.32.0.jar;C:\Users\Administrator\.m2\repository\org\springframework\boot\spring-boot-starter-data-jpa\3.4.4\spring-boot-starter-data-jpa-3.4.4.jar;C:\Users\Administrator\.m2\repository\org\springframework\boot\spring-boot-starter\3.4.4\spring-boot-starter-3.4.4.jar;C:\Users\Administrator\.m2\repository\org\springframework\boot\spring-boot-starter-logging\3.4.4\spring-boot-starter-logging-3.4.4.jar;C:\Users\Administrator\.m2\repository\ch\qos\logback\logback-classic\1.5.18\logback-classic-1.5.18.jar;C:\Users\Administrator\.m2\repository\ch\qos\logback\logback-core\1.5.18\logback-core-1.5.18.jar;C:\Users\Administrator\.m2\repository\org\apache\logging\log4j\log4j-to-slf4j\2.24.3\log4j-to-slf4j-2.24.3.jar;C:\Users\Administrator\.m2\repository\org\apache\logging\log4j\log4j-api\2.24.3\log4j-api-2.24.3.jar;C:\Users\Administrator\.m2\repository\org\slf4j\jul-to-slf4j\2.0.17\jul-to-slf4j-2.0.17.jar;C:\Users\Administrator\.m2\repository\jakarta\annotation\jakarta.annotation-api\2.1.1\jakarta.annotation-api-2.1.1.jar;C:\Users\Administrator\.m2\repository\org\yaml\snakeyaml\2.3\snakeyaml-2.3.jar;C:\Users\Administrator\.m2\repository\org\springframework\boot\spring-boot-starter-jdbc\3.4.4\spring-boot-starter-jdbc-3.4.4.jar;C:\Users\Administrator\.m2\repository\com\zaxxer\HikariCP\5.1.0\HikariCP-5.1.0.jar;C:\Users\Administrator\.m2\repository\org\springframework\spring-jdbc\6.2.5\spring-jdbc-6.2.5.jar;C:\Users\Administrator\.m2\repository\org\hibernate\orm\hibernate-core\6.6.11.Final\hibernate-core-6.6.11.Final.jar;C:\Users\Administrator\.m2\repository\jakarta\persistence\jakarta.persistence-api\3.1.0\jakarta.persistence-api-3.1.0.jar;C:\Users\Administrator\.m2\repository\jakarta\transaction\jakarta.transaction-api\2.0.1\jakarta.transaction-api-2.0.1.jar;C:\Users\Administrator\.m2\repository\org\hibernate\common\hibernate-commons-annotations\7.0.3.Final\hibernate-commons-annotations-7.0.3.Final.jar;C:\Users\Administrator\.m2\repository\io\smallrye\jandex\3.2.0\jandex-3.2.0.jar;C:\Users\Administrator\.m2\repository\net\bytebuddy\byte-buddy\1.15.11\byte-buddy-1.15.11.jar;C:\Users\Administrator\.m2\repository\org\glassfish\jaxb\jaxb-runtime\4.0.5\jaxb-runtime-4.0.5.jar;C:\Users\Administrator\.m2\repository\org\glassfish\jaxb\jaxb-core\4.0.5\jaxb-core-4.0.5.jar;C:\Users\Administrator\.m2\repository\org\eclipse\angus\angus-activation\2.0.2\angus-activation-2.0.2.jar;C:\Users\Administrator\.m2\repository\org\glassfish\jaxb\txw2\4.0.5\txw2-4.0.5.jar;C:\Users\Administrator\.m2\repository\com\sun\istack\istack-commons-runtime\4.1.2\istack-commons-runtime-4.1.2.jar;C:\Users\Administrator\.m2\repository\jakarta\inject\jakarta.inject-api\2.0.1\jakarta.inject-api-2.0.1.jar;C:\Users\Administrator\.m2\repository\org\antlr\antlr4-runtime\4.13.0\antlr4-runtime-4.13.0.jar;C:\Users\Administrator\.m2\repository\org\springframework\data\spring-data-jpa\3.4.4\spring-data-jpa-3.4.4.jar;C:\Users\Administrator\.m2\repository\org\springframework\data\spring-data-commons\3.4.4\spring-data-commons-3.4.4.jar;C:\Users\Administrator\.m2\repository\org\springframework\spring-orm\6.2.5\spring-orm-6.2.5.jar;C:\Users\Administrator\.m2\repository\org\springframework\spring-context\6.2.5\spring-context-6.2.5.jar;C:\Users\Administrator\.m2\repository\org\springframework\spring-tx\6.2.5\spring-tx-6.2.5.jar;C:\Users\Administrator\.m2\repository\org\springframework\spring-beans\6.2.5\spring-beans-6.2.5.jar;C:\Users\Administrator\.m2\repository\org\springframework\spring-aspects\6.2.5\spring-aspects-6.2.5.jar;C:\Users\Administrator\.m2\repository\org\aspectj\aspectjweaver\1.9.23\aspectjweaver-1.9.23.jar;C:\Users\Administrator\.m2\repository\org\springframework\boot\spring-boot-starter-security\3.4.4\spring-boot-starter-security-3.4.4.jar;C:\Users\Administrator\.m2\repository\org\springframework\spring-aop\6.2.5\spring-aop-6.2.5.jar;C:\Users\Administrator\.m2\repository\org\springframework\security\spring-security-config\6.4.4\spring-security-config-6.4.4.jar;C:\Users\Administrator\.m2\repository\org\springframework\security\spring-security-web\6.4.4\spring-security-web-6.4.4.jar;C:\Users\Administrator\.m2\repository\org\springframework\spring-expression\6.2.5\spring-expression-6.2.5.jar;C:\Users\Administrator\.m2\repository\org\springframework\boot\spring-boot-starter-validation\3.4.4\spring-boot-starter-validation-3.4.4.jar;C:\Users\Administrator\.m2\repository\org\apache\tomcat\embed\tomcat-embed-el\10.1.39\tomcat-embed-el-10.1.39.jar;C:\Users\Administrator\.m2\repository\org\springframework\boot\spring-boot-starter-web\3.4.4\spring-boot-starter-web-3.4.4.jar;C:\Users\Administrator\.m2\repository\org\springframework\boot\spring-boot-starter-json\3.4.4\spring-boot-starter-json-3.4.4.jar;C:\Users\Administrator\.m2\repository\com\fasterxml\jackson\core\jackson-databind\2.18.3\jackson-databind-2.18.3.jar;C:\Users\Administrator\.m2\repository\com\fasterxml\jackson\core\jackson-annotations\2.18.3\jackson-annotations-2.18.3.jar;C:\Users\Administrator\.m2\repository\com\fasterxml\jackson\core\jackson-core\2.18.3\jackson-core-2.18.3.jar;C:\Users\Administrator\.m2\repository\com\fasterxml\jackson\datatype\jackson-datatype-jdk8\2.18.3\jackson-datatype-jdk8-2.18.3.jar;C:\Users\Administrator\.m2\repository\com\fasterxml\jackson\datatype\jackson-datatype-jsr310\2.18.3\jackson-datatype-jsr310-2.18.3.jar;C:\Users\Administrator\.m2\repository\com\fasterxml\jackson\module\jackson-module-parameter-names\2.18.3\jackson-module-parameter-names-2.18.3.jar;C:\Users\Administrator\.m2\repository\org\springframework\boot\spring-boot-starter-tomcat\3.4.4\spring-boot-starter-tomcat-3.4.4.jar;C:\Users\Administrator\.m2\repository\org\apache\tomcat\embed\tomcat-embed-core\10.1.39\tomcat-embed-core-10.1.39.jar;C:\Users\Administrator\.m2\repository\org\apache\tomcat\embed\tomcat-embed-websocket\10.1.39\tomcat-embed-websocket-10.1.39.jar;C:\Users\Administrator\.m2\repository\org\springframework\spring-web\6.2.5\spring-web-6.2.5.jar;C:\Users\Administrator\.m2\repository\io\micrometer\micrometer-observation\1.14.5\micrometer-observation-1.14.5.jar;C:\Users\Administrator\.m2\repository\io\micrometer\micrometer-commons\1.14.5\micrometer-commons-1.14.5.jar;C:\Users\Administrator\.m2\repository\org\springframework\spring-webmvc\6.2.5\spring-webmvc-6.2.5.jar;C:\Users\Administrator\.m2\repository\org\springframework\boot\spring-boot-devtools\3.4.4\spring-boot-devtools-3.4.4.jar;C:\Users\Administrator\.m2\repository\org\springframework\boot\spring-boot\3.4.4\spring-boot-3.4.4.jar;C:\Users\Administrator\.m2\repository\org\springframework\boot\spring-boot-autoconfigure\3.4.4\spring-boot-autoconfigure-3.4.4.jar;C:\Users\Administrator\.m2\repository\org\projectlombok\lombok\1.18.36\lombok-1.18.36.jar;C:\Users\Administrator\.m2\repository\org\springframework\boot\spring-boot-starter-test\3.4.4\spring-boot-starter-test-3.4.4.jar;C:\Users\Administrator\.m2\repository\org\springframework\boot\spring-boot-test\3.4.4\spring-boot-test-3.4.4.jar;C:\Users\Administrator\.m2\repository\org\springframework\boot\spring-boot-test-autoconfigure\3.4.4\spring-boot-test-autoconfigure-3.4.4.jar;C:\Users\Administrator\.m2\repository\com\jayway\jsonpath\json-path\2.9.0\json-path-2.9.0.jar;C:\Users\Administrator\.m2\repository\jakarta\xml\bind\jakarta.xml.bind-api\4.0.2\jakarta.xml.bind-api-4.0.2.jar;C:\Users\Administrator\.m2\repository\jakarta\activation\jakarta.activation-api\2.1.3\jakarta.activation-api-2.1.3.jar;C:\Users\Administrator\.m2\repository\net\minidev\json-smart\2.5.2\json-smart-2.5.2.jar;C:\Users\Administrator\.m2\repository\net\minidev\accessors-smart\2.5.2\accessors-smart-2.5.2.jar;C:\Users\Administrator\.m2\repository\org\ow2\asm\asm\9.7.1\asm-9.7.1.jar;C:\Users\Administrator\.m2\repository\org\assertj\assertj-core\3.26.3\assertj-core-3.26.3.jar;C:\Users\Administrator\.m2\repository\org\awaitility\awaitility\4.2.2\awaitility-4.2.2.jar;C:\Users\Administrator\.m2\repository\org\hamcrest\hamcrest\2.2\hamcrest-2.2.jar;C:\Users\Administrator\.m2\repository\org\junit\jupiter\junit-jupiter\5.11.4\junit-jupiter-5.11.4.jar;C:\Users\Administrator\.m2\repository\org\junit\jupiter\junit-jupiter-api\5.11.4\junit-jupiter-api-5.11.4.jar;C:\Users\Administrator\.m2\repository\org\opentest4j\opentest4j\1.3.0\opentest4j-1.3.0.jar;C:\Users\Administrator\.m2\repository\org\junit\platform\junit-platform-commons\1.11.4\junit-platform-commons-1.11.4.jar;C:\Users\Administrator\.m2\repository\org\apiguardian\apiguardian-api\1.1.2\apiguardian-api-1.1.2.jar;C:\Users\Administrator\.m2\repository\org\junit\jupiter\junit-jupiter-params\5.11.4\junit-jupiter-params-5.11.4.jar;C:\Users\Administrator\.m2\repository\org\junit\jupiter\junit-jupiter-engine\5.11.4\junit-jupiter-engine-5.11.4.jar;C:\Users\Administrator\.m2\repository\org\junit\platform\junit-platform-engine\1.11.4\junit-platform-engine-1.11.4.jar;C:\Users\Administrator\.m2\repository\org\mockito\mockito-core\5.14.2\mockito-core-5.14.2.jar;C:\Users\Administrator\.m2\repository\net\bytebuddy\byte-buddy-agent\1.15.11\byte-buddy-agent-1.15.11.jar;C:\Users\Administrator\.m2\repository\org\objenesis\objenesis\3.3\objenesis-3.3.jar;C:\Users\Administrator\.m2\repository\org\mockito\mockito-junit-jupiter\5.14.2\mockito-junit-jupiter-5.14.2.jar;C:\Users\Administrator\.m2\repository\org\skyscreamer\jsonassert\1.5.3\jsonassert-1.5.3.jar;C:\Users\Administrator\.m2\repository\com\vaadin\external\google\android-json\0.0.20131108.vaadin1\android-json-0.0.20131108.vaadin1.jar;C:\Users\Administrator\.m2\repository\org\springframework\spring-core\6.2.5\spring-core-6.2.5.jar;C:\Users\Administrator\.m2\repository\org\springframework\spring-jcl\6.2.5\spring-jcl-6.2.5.jar;C:\Users\Administrator\.m2\repository\org\springframework\spring-test\6.2.5\spring-test-6.2.5.jar;C:\Users\Administrator\.m2\repository\org\xmlunit\xmlunit-core\2.10.0\xmlunit-core-2.10.0.jar;C:\Users\Administrator\.m2\repository\org\springframework\security\spring-security-test\6.4.4\spring-security-test-6.4.4.jar;C:\Users\Administrator\.m2\repository\org\springframework\security\spring-security-core\6.4.4\spring-security-core-6.4.4.jar;C:\Users\Administrator\.m2\repository\org\springframework\security\spring-security-crypto\6.4.4\spring-security-crypto-6.4.4.jar
Launcher Type: SUN_STANDARD

[Global flags]
     intx CICompilerCount                          = 12                                        {product} {ergonomic}
     uint ConcGCThreads                            = 5                                         {product} {ergonomic}
     uint G1ConcRefinementThreads                  = 18                                        {product} {ergonomic}
   size_t G1HeapRegionSize                         = 8388608                                   {product} {ergonomic}
    uintx GCDrainStackTargetSize                   = 64                                        {product} {ergonomic}
   size_t InitialHeapSize                          = 1073741824                                {product} {ergonomic}
   size_t MarkStackSize                            = 4194304                                   {product} {ergonomic}
   size_t MaxHeapSize                              = 17146314752                               {product} {ergonomic}
   size_t MaxNewSize                               = 10284433408                               {product} {ergonomic}
   size_t MinHeapDeltaBytes                        = 8388608                                   {product} {ergonomic}
   size_t MinHeapSize                              = 8388608                                   {product} {ergonomic}
    uintx NonNMethodCodeHeapSize                   = 7602480                                {pd product} {ergonomic}
    uintx NonProfiledCodeHeapSize                  = 122027880                              {pd product} {ergonomic}
    uintx ProfiledCodeHeapSize                     = 122027880                              {pd product} {ergonomic}
    uintx ReservedCodeCacheSize                    = 251658240                              {pd product} {ergonomic}
     bool SegmentedCodeCache                       = true                                      {product} {ergonomic}
     bool ShowCodeDetailsInExceptionMessages       = true                                   {manageable} {command line}
   size_t SoftMaxHeapSize                          = 17146314752                            {manageable} {ergonomic}
     bool UseCompressedOops                        = true                           {product lp64_product} {ergonomic}
     bool UseG1GC                                  = true                                      {product} {ergonomic}
     bool UseLargePagesIndividualAllocation        = false                                  {pd product} {ergonomic}

Logging:
Log output configuration:
 #0: stdout all=warning uptime,level,tags foldmultilines=false
 #1: stderr all=off uptime,level,tags foldmultilines=false

Environment Variables:
PATH=C:\Users\Administrator\.p2\pool\plugins\org.eclipse.justj.openjdk.hotspot.jre.full.win32.x86_64_21.0.6.v20250130-0529\jre\bin;C:/Users/Administrator/.p2/pool/plugins/org.eclipse.justj.openjdk.hotspot.jre.full.win32.x86_64_21.0.6.v20250130-0529/jre/bin/server;C:/Users/Administrator/.p2/pool/plugins/org.eclipse.justj.openjdk.hotspot.jre.full.win32.x86_64_21.0.6.v20250130-0529/jre/bin;C:\Program Files\Common Files\Oracle\Java\javapath;C:\Program Files (x86)\Common Files\Oracle\Java\java8path;C:\Program Files (x86)\Common Files\Oracle\Java\javapath;D:\vmware\bin\;C:\Windows\system32;C:\Windows;C:\Windows\System32\Wbem;C:\Windows\System32\WindowsPowerShell\v1.0\;C:\Windows\System32\OpenSSH\;C:\Program Files\dotnet\;D:\Git\cmd;D:\Go\bin;%NVM_HOME%;%NVM_SYMLINK%;D:\anaconda3\envs\Python311\Scripts\;D:\anaconda3\envs\Python311;C:\Users\Administrator\AppData\Local\Microsoft\WindowsApps;C:\Users\Administrator\.dotnet\tools;D:\Microsoft VS Code\bin;D:\anaconda3\envs\Python311\Lib\;D:\anaconda3\envs\Python311\Library\bin\;D:\MariaDB 11.6\bin;C:\Program Files\heroku\bin;D:\go\bin;D:\JAVA\maven-mvnd-1.0.2-windows-amd64\maven-mvnd-1.0.2-windows-amd64\bin;D:\JAVA\nvm-windows-master\src;C:\Users\Administrator\AppData\Local\nvm;C:\nvm4w\nodejs;C:\Windows\system32;
USERNAME=Administrator
OS=Windows_NT
PROCESSOR_IDENTIFIER=Intel64 Family 6 Model 63 Stepping 2, GenuineIntel
TMP=C:\Users\Administrator\AppData\Local\Temp
TEMP=C:\Users\Administrator\AppData\Local\Temp




Periodic native trim disabled

---------------  S Y S T E M  ---------------

OS:
 Windows 11 , 64 bit Build 22621 (10.0.22621.5124)
OS uptime: 0 days 7:23 hours

CPU: total 24 (initial active 24) (12 cores per cpu, 2 threads per core) family 6 model 63 stepping 2 microcode 0x44, cx8, cmov, fxsr, ht, mmx, sse, sse2, sse3, ssse3, sse4.1, sse4.2, popcnt, lzcnt, tsc, tscinvbit, avx, avx2, aes, erms, clmul, bmi1, bmi2, fma, vzeroupper, clflush, rdtscp, f16c
Processor Information for the first 24 processors :
  Max Mhz: 2401, Current Mhz: 2401, Mhz Limit: 2401

Memory: 4k page, system-wide physical 65388M (50014M free)
TotalPageFile size 75116M (AvailPageFile size 48447M)
current process WorkingSet (physical memory assigned to process): 340M, peak: 590M
current process commit charge ("private bytes"): 390M, peak: 1300M

vm_info: OpenJDK 64-Bit Server VM (21.0.6+7-LTS) for windows-amd64 JRE (21.0.6+7-LTS), built on 2025-01-21T00:00:00Z by "admin" with MS VC++ 17.7 (VS2022)

END.
